TN:
SF:src\App.jsx
FN:4,App
FNF:1
FNH:0
FNDA:0,App
DA:5,0
LF:1
LH:0
BRF:0
BRH:0
end_of_record
TN:
SF:src\api\apiClient.js
FN:3,apiRequest
FNF:1
FNH:1
FNDA:4,apiRequest
DA:1,10
DA:5,4
DA:7,4
DA:20,4
DA:22,4
DA:23,2
DA:26,2
LF:7
LH:7
BRDA:3,0,0,4
BRDA:12,1,0,4
BRDA:12,1,1,0
BRDA:22,2,0,2
BRDA:22,2,1,2
BRDA:23,3,0,2
BRDA:23,3,1,0
BRF:7
BRH:5
end_of_record
TN:
SF:src\api\admin\aulasapi.js
FN:4,request
FN:16,(anonymous_1)
FN:25,listarAulas
FN:35,crearAula
FN:42,actualizarAula
FN:49,eliminarAula
FNF:6
FNH:0
FNDA:0,request
FNDA:0,(anonymous_1)
FNDA:0,listarAulas
FNDA:0,crearAula
FNDA:0,actualizarAula
FNDA:0,eliminarAula
DA:1,10
DA:2,10
DA:5,0
DA:7,0
DA:16,0
DA:18,0
DA:19,0
DA:22,0
DA:26,0
DA:32,0
DA:36,0
DA:43,0
DA:50,0
LF:13
LH:2
BRDA:1,0,0,10
BRDA:1,0,1,0
BRDA:4,1,0,0
BRDA:11,2,0,0
BRDA:11,2,1,0
BRDA:12,3,0,0
BRDA:12,3,1,0
BRDA:18,4,0,0
BRDA:18,4,1,0
BRDA:19,5,0,0
BRDA:19,5,1,0
BRDA:25,6,0,0
BRDA:25,7,0,0
BRDA:25,8,0,0
BRDA:25,9,0,0
BRF:15
BRH:1
end_of_record
TN:
SF:src\api\admin\cursoApi.js
FN:4,request
FN:16,(anonymous_1)
FN:25,listarCursos
FN:35,buscarProgramasCurso
FN:44,buscarCursosPrerequisitos
FN:61,crearCurso
FN:68,actualizarCurso
FN:75,eliminarCurso
FNF:8
FNH:0
FNDA:0,request
FNDA:0,(anonymous_1)
FNDA:0,listarCursos
FNDA:0,buscarProgramasCurso
FNDA:0,buscarCursosPrerequisitos
FNDA:0,crearCurso
FNDA:0,actualizarCurso
FNDA:0,eliminarCurso
DA:1,0
DA:2,0
DA:5,0
DA:7,0
DA:16,0
DA:18,0
DA:19,0
DA:22,0
DA:26,0
DA:32,0
DA:36,0
DA:41,0
DA:49,0
DA:54,0
DA:55,0
DA:58,0
DA:62,0
DA:69,0
DA:76,0
LF:19
LH:0
BRDA:1,0,0,0
BRDA:1,0,1,0
BRDA:4,1,0,0
BRDA:11,2,0,0
BRDA:11,2,1,0
BRDA:12,3,0,0
BRDA:12,3,1,0
BRDA:18,4,0,0
BRDA:18,4,1,0
BRDA:19,5,0,0
BRDA:19,5,1,0
BRDA:25,6,0,0
BRDA:25,7,0,0
BRDA:25,8,0,0
BRDA:25,9,0,0
BRDA:35,10,0,0
BRDA:35,11,0,0
BRDA:35,12,0,0
BRDA:44,13,0,0
BRDA:45,14,0,0
BRDA:46,15,0,0
BRDA:47,16,0,0
BRDA:54,17,0,0
BRDA:54,17,1,0
BRF:24
BRH:0
end_of_record
TN:
SF:src\api\admin\cursoapi.js
FN:4,request
FN:16,(anonymous_1)
FN:25,listarCursos
FN:35,buscarProgramasCurso
FN:44,buscarCursosPrerequisitos
FN:61,crearCurso
FN:68,actualizarCurso
FN:75,eliminarCurso
FNF:8
FNH:0
FNDA:0,request
FNDA:0,(anonymous_1)
FNDA:0,listarCursos
FNDA:0,buscarProgramasCurso
FNDA:0,buscarCursosPrerequisitos
FNDA:0,crearCurso
FNDA:0,actualizarCurso
FNDA:0,eliminarCurso
DA:1,10
DA:2,10
DA:5,0
DA:7,0
DA:16,0
DA:18,0
DA:19,0
DA:22,0
DA:26,0
DA:32,0
DA:36,0
DA:41,0
DA:49,0
DA:54,0
DA:55,0
DA:58,0
DA:62,0
DA:69,0
DA:76,0
LF:19
LH:2
BRDA:1,0,0,10
BRDA:1,0,1,0
BRDA:4,1,0,0
BRDA:11,2,0,0
BRDA:11,2,1,0
BRDA:12,3,0,0
BRDA:12,3,1,0
BRDA:18,4,0,0
BRDA:18,4,1,0
BRDA:19,5,0,0
BRDA:19,5,1,0
BRDA:25,6,0,0
BRDA:25,7,0,0
BRDA:25,8,0,0
BRDA:25,9,0,0
BRDA:35,10,0,0
BRDA:35,11,0,0
BRDA:35,12,0,0
BRDA:44,13,0,0
BRDA:45,14,0,0
BRDA:46,15,0,0
BRDA:47,16,0,0
BRDA:54,17,0,0
BRDA:54,17,1,0
BRF:24
BRH:1
end_of_record
TN:
SF:src\api\admin\docentesapi.js
FN:4,request
FN:16,(anonymous_1)
FN:25,listarDocentes
FN:35,crearDocente
FN:42,actualizarDocente
FN:49,eliminarDocente
FNF:6
FNH:0
FNDA:0,request
FNDA:0,(anonymous_1)
FNDA:0,listarDocentes
FNDA:0,crearDocente
FNDA:0,actualizarDocente
FNDA:0,eliminarDocente
DA:1,10
DA:2,10
DA:5,0
DA:7,0
DA:16,0
DA:18,0
DA:19,0
DA:22,0
DA:26,0
DA:32,0
DA:36,0
DA:43,0
DA:50,0
LF:13
LH:2
BRDA:1,0,0,10
BRDA:1,0,1,0
BRDA:4,1,0,0
BRDA:11,2,0,0
BRDA:11,2,1,0
BRDA:12,3,0,0
BRDA:12,3,1,0
BRDA:18,4,0,0
BRDA:18,4,1,0
BRDA:19,5,0,0
BRDA:19,5,1,0
BRDA:25,6,0,0
BRDA:25,7,0,0
BRDA:25,8,0,0
BRDA:25,9,0,0
BRF:15
BRH:1
end_of_record
TN:
SF:src\api\admin\estudiantesapi.js
FN:4,request
FN:16,(anonymous_1)
FN:25,listarEstudiantes
FN:35,listarProgramasEstudiante
FN:39,crearEstudiante
FN:46,actualizarEstudiante
FN:53,eliminarEstudiante
FNF:7
FNH:0
FNDA:0,request
FNDA:0,(anonymous_1)
FNDA:0,listarEstudiantes
FNDA:0,listarProgramasEstudiante
FNDA:0,crearEstudiante
FNDA:0,actualizarEstudiante
FNDA:0,eliminarEstudiante
DA:1,10
DA:2,10
DA:5,0
DA:7,0
DA:16,0
DA:18,0
DA:19,0
DA:22,0
DA:26,0
DA:32,0
DA:36,0
DA:40,0
DA:47,0
DA:54,0
LF:14
LH:2
BRDA:1,0,0,10
BRDA:1,0,1,0
BRDA:4,1,0,0
BRDA:11,2,0,0
BRDA:11,2,1,0
BRDA:12,3,0,0
BRDA:12,3,1,0
BRDA:18,4,0,0
BRDA:18,4,1,0
BRDA:19,5,0,0
BRDA:19,5,1,0
BRDA:25,6,0,0
BRDA:25,7,0,0
BRDA:25,8,0,0
BRDA:25,9,0,0
BRF:15
BRH:1
end_of_record
TN:
SF:src\api\admin\seccionesapi.js
FN:4,request
FN:16,(anonymous_1)
FN:25,listarOpcionesSeccion
FN:29,buscarCursosSeccion
FN:38,buscarDocentesSeccion
FN:47,buscarAulasSeccion
FN:56,listarSecciones
FN:66,crearSeccion
FN:73,actualizarSeccion
FN:80,eliminarSeccion
FNF:10
FNH:3
FNDA:2,request
FNDA:0,(anonymous_1)
FNDA:1,listarOpcionesSeccion
FNDA:0,buscarCursosSeccion
FNDA:0,buscarDocentesSeccion
FNDA:0,buscarAulasSeccion
FNDA:1,listarSecciones
FNDA:0,crearSeccion
FNDA:0,actualizarSeccion
FNDA:0,eliminarSeccion
DA:1,10
DA:2,10
DA:5,2
DA:7,2
DA:16,2
DA:18,2
DA:19,0
DA:22,2
DA:26,1
DA:30,0
DA:35,0
DA:39,0
DA:44,0
DA:48,0
DA:53,0
DA:57,1
DA:63,1
DA:67,0
DA:74,0
DA:81,0
LF:20
LH:10
BRDA:1,0,0,10
BRDA:1,0,1,0
BRDA:4,1,0,2
BRDA:11,2,0,2
BRDA:11,2,1,0
BRDA:12,3,0,2
BRDA:12,3,1,2
BRDA:18,4,0,0
BRDA:18,4,1,2
BRDA:19,5,0,0
BRDA:19,5,1,0
BRDA:29,6,0,0
BRDA:29,7,0,0
BRDA:29,8,0,0
BRDA:38,9,0,0
BRDA:38,10,0,0
BRDA:38,11,0,0
BRDA:47,12,0,0
BRDA:47,13,0,0
BRDA:47,14,0,0
BRDA:56,15,0,1
BRDA:56,16,0,1
BRDA:56,17,0,1
BRDA:56,18,0,1
BRF:24
BRH:10
end_of_record
TN:
SF:src\api\auth\authApi.js
FN:3,login
FNF:1
FNH:1
FNDA:4,login
DA:5,4
LF:1
LH:1
BRF:0
BRH:0
end_of_record
TN:
SF:src\api\docente\disponibilidadApi.js
FN:4,request
FN:16,(anonymous_1)
FN:25,obtenerInicialDisponibilidad
FN:29,asignarHorarioDocente
FN:36,quitarHorarioDocente
FNF:5
FNH:0
FNDA:0,request
FNDA:0,(anonymous_1)
FNDA:0,obtenerInicialDisponibilidad
FNDA:0,asignarHorarioDocente
FNDA:0,quitarHorarioDocente
DA:1,0
DA:2,0
DA:5,0
DA:7,0
DA:16,0
DA:18,0
DA:19,0
DA:22,0
DA:26,0
DA:30,0
DA:37,0
LF:11
LH:0
BRDA:1,0,0,0
BRDA:1,0,1,0
BRDA:4,1,0,0
BRDA:11,2,0,0
BRDA:11,2,1,0
BRDA:12,3,0,0
BRDA:12,3,1,0
BRDA:18,4,0,0
BRDA:18,4,1,0
BRDA:19,5,0,0
BRDA:19,5,1,0
BRF:11
BRH:0
end_of_record
TN:
SF:src\api\docente\disponibilidadapi.js
FN:4,request
FN:16,(anonymous_1)
FN:25,obtenerInicialDisponibilidad
FN:29,asignarHorarioDocente
FN:36,quitarHorarioDocente
FNF:5
FNH:4
FNDA:10,request
FNDA:0,(anonymous_1)
FNDA:7,obtenerInicialDisponibilidad
FNDA:2,asignarHorarioDocente
FNDA:1,quitarHorarioDocente
DA:1,10
DA:2,10
DA:5,10
DA:7,10
DA:16,10
DA:18,10
DA:19,0
DA:22,10
DA:26,7
DA:30,2
DA:37,1
LF:11
LH:10
BRDA:1,0,0,10
BRDA:1,0,1,0
BRDA:4,1,0,10
BRDA:11,2,0,10
BRDA:11,2,1,0
BRDA:12,3,0,10
BRDA:12,3,1,10
BRDA:18,4,0,0
BRDA:18,4,1,10
BRDA:19,5,0,0
BRDA:19,5,1,0
BRF:11
BRH:6
end_of_record
TN:
SF:src\api\docente\miHorarioApi.js
FN:3,obtenerMiHorarioDocente
FNF:1
FNH:0
FNDA:0,obtenerMiHorarioDocente
DA:4,0
DA:6,0
DA:8,0
DA:9,0
DA:12,0
LF:5
LH:0
BRDA:8,0,0,0
BRDA:8,0,1,0
BRF:2
BRH:0
end_of_record
TN:
SF:src\api\docente\misCursosApi.js
FN:3,obtenerMisCursosDocente
FNF:1
FNH:0
FNDA:0,obtenerMisCursosDocente
DA:9,0
DA:11,0
DA:12,0
DA:13,0
DA:15,0
DA:16,0
DA:19,0
LF:7
LH:0
BRDA:6,0,0,0
BRDA:7,1,0,0
BRDA:15,2,0,0
BRDA:15,2,1,0
BRF:4
BRH:0
end_of_record
TN:
SF:src\api\student\historialAcademicoApi.js
FN:4,request
FN:16,(anonymous_1)
FN:25,obtenerHistorialAcademico
FNF:3
FNH:0
FNDA:0,request
FNDA:0,(anonymous_1)
FNDA:0,obtenerHistorialAcademico
DA:1,10
DA:2,10
DA:5,0
DA:7,0
DA:16,0
DA:18,0
DA:19,0
DA:22,0
DA:32,0
DA:37,0
DA:38,0
DA:41,0
DA:42,0
DA:45,0
LF:14
LH:2
BRDA:1,0,0,10
BRDA:1,0,1,0
BRDA:4,1,0,0
BRDA:11,2,0,0
BRDA:11,2,1,0
BRDA:12,3,0,0
BRDA:12,3,1,0
BRDA:18,4,0,0
BRDA:18,4,1,0
BRDA:19,5,0,0
BRDA:19,5,1,0
BRDA:28,6,0,0
BRDA:29,7,0,0
BRDA:30,8,0,0
BRDA:37,9,0,0
BRDA:37,9,1,0
BRDA:41,10,0,0
BRDA:41,10,1,0
BRF:18
BRH:1
end_of_record
TN:
SF:src\api\student\matriculaApi.js
FN:3,request
FN:15,(anonymous_1)
FN:24,listarCursosDisponiblesMatricula
FN:34,confirmarMatriculaEstudiante
FNF:4
FNH:3
FNDA:4,request
FNDA:0,(anonymous_1)
FNDA:3,listarCursosDisponiblesMatricula
FNDA:1,confirmarMatriculaEstudiante
DA:1,10
DA:4,4
DA:6,4
DA:15,4
DA:17,4
DA:18,0
DA:21,4
DA:29,3
DA:35,1
LF:9
LH:8
BRDA:1,0,0,10
BRDA:1,0,1,0
BRDA:3,1,0,4
BRDA:10,2,0,4
BRDA:10,2,1,0
BRDA:11,3,0,4
BRDA:11,3,1,4
BRDA:17,4,0,0
BRDA:17,4,1,4
BRDA:18,5,0,0
BRDA:18,5,1,0
BRDA:26,6,0,3
BRDA:27,7,0,3
BRF:13
BRH:8
end_of_record
TN:
SF:src\api\student\miHorarioApi.js
FN:4,request
FN:16,(anonymous_1)
FN:25,obtenerMiHorarioEstudiante
FNF:3
FNH:2
FNDA:3,request
FNDA:0,(anonymous_1)
FNDA:3,obtenerMiHorarioEstudiante
DA:1,10
DA:2,10
DA:5,3
DA:7,3
DA:16,3
DA:18,3
DA:19,1
DA:22,2
DA:26,3
DA:27,3
DA:30,0
LF:11
LH:10
BRDA:1,0,0,10
BRDA:1,0,1,0
BRDA:4,1,0,3
BRDA:11,2,0,3
BRDA:11,2,1,0
BRDA:12,3,0,3
BRDA:12,3,1,3
BRDA:18,4,0,1
BRDA:18,4,1,2
BRDA:19,5,0,1
BRDA:19,5,1,0
BRDA:26,6,0,3
BRDA:26,6,1,0
BRF:13
BRH:9
end_of_record
TN:
SF:src\api\student\misCursosApi.js
FN:4,request
FN:16,(anonymous_1)
FN:25,obtenerMisCursosEstudiante
FNF:3
FNH:0
FNDA:0,request
FNDA:0,(anonymous_1)
FNDA:0,obtenerMisCursosEstudiante
DA:1,10
DA:2,10
DA:5,0
DA:7,0
DA:16,0
DA:18,0
DA:19,0
DA:22,0
DA:32,0
DA:37,0
DA:38,0
DA:41,0
DA:42,0
DA:45,0
LF:14
LH:2
BRDA:1,0,0,10
BRDA:1,0,1,0
BRDA:4,1,0,0
BRDA:11,2,0,0
BRDA:11,2,1,0
BRDA:12,3,0,0
BRDA:12,3,1,0
BRDA:18,4,0,0
BRDA:18,4,1,0
BRDA:19,5,0,0
BRDA:19,5,1,0
BRDA:28,6,0,0
BRDA:29,7,0,0
BRDA:30,8,0,0
BRDA:37,9,0,0
BRDA:37,9,1,0
BRDA:41,10,0,0
BRDA:41,10,1,0
BRF:18
BRH:1
end_of_record
TN:
SF:src\components\layout\Header.jsx
FN:3,Header
FNF:1
FNH:1
FNDA:6,Header
DA:8,6
LF:1
LH:1
BRDA:4,0,0,6
BRDA:5,1,0,6
BRF:2
BRH:2
end_of_record
TN:
SF:src\components\layout\Sidebar.jsx
FN:3,Sidebar
FN:35,(anonymous_1)
FN:40,(anonymous_2)
FNF:3
FNH:3
FNDA:6,Sidebar
FNDA:32,(anonymous_1)
FNDA:32,(anonymous_2)
DA:9,6
DA:36,32
DA:41,32
LF:3
LH:3
BRDA:6,0,0,6
BRDA:7,1,0,6
BRDA:13,2,0,0
BRDA:13,2,1,6
BRDA:27,3,0,6
BRDA:27,3,1,6
BRDA:43,4,0,0
BRDA:43,4,1,32
BRDA:44,5,0,6
BRDA:44,5,1,26
BRDA:52,6,0,32
BRDA:52,6,1,32
BRF:12
BRH:10
end_of_record
TN:
SF:src\layouts\AdminLayout.jsx
FN:46,AdminLayout
FN:49,(anonymous_1)
FN:53,(anonymous_2)
FN:54,(anonymous_3)
FN:61,(anonymous_4)
FNF:5
FNH:2
FNDA:2,AdminLayout
FNDA:2,(anonymous_1)
FNDA:0,(anonymous_2)
FNDA:0,(anonymous_3)
FNDA:0,(anonymous_4)
DA:7,10
DA:47,2
DA:49,2
DA:50,2
DA:53,2
DA:54,0
DA:55,0
DA:56,0
DA:57,0
DA:61,2
DA:62,0
DA:63,0
DA:64,0
DA:67,2
LF:14
LH:7
BRDA:79,0,0,0
BRDA:79,0,1,2
BRF:2
BRH:1
end_of_record
TN:
SF:src\layouts\AuthLayout.jsx
FN:3,AuthLayout
FNF:1
FNH:1
FNDA:3,AuthLayout
DA:4,3
LF:1
LH:1
BRF:0
BRH:0
end_of_record
TN:
SF:src\layouts\DocenteLayout.jsx
FN:31,DocenteLayout
FN:34,(anonymous_1)
FN:38,(anonymous_2)
FN:39,(anonymous_3)
FN:46,(anonymous_4)
FNF:5
FNH:2
FNDA:2,DocenteLayout
FNDA:2,(anonymous_1)
FNDA:0,(anonymous_2)
FNDA:0,(anonymous_3)
FNDA:0,(anonymous_4)
DA:7,10
DA:32,2
DA:34,2
DA:35,2
DA:38,2
DA:39,0
DA:40,0
DA:41,0
DA:42,0
DA:46,2
DA:47,0
DA:48,0
DA:49,0
DA:52,2
LF:14
LH:7
BRDA:64,0,0,0
BRDA:64,0,1,2
BRF:2
BRH:1
end_of_record
TN:
SF:src\layouts\EstudianteLayout.jsx
FN:36,EstudianteLayout
FN:39,(anonymous_1)
FN:43,(anonymous_2)
FN:44,(anonymous_3)
FN:51,(anonymous_4)
FNF:5
FNH:2
FNDA:2,EstudianteLayout
FNDA:2,(anonymous_1)
FNDA:0,(anonymous_2)
FNDA:0,(anonymous_3)
FNDA:0,(anonymous_4)
DA:7,10
DA:37,2
DA:39,2
DA:40,2
DA:43,2
DA:44,0
DA:45,0
DA:46,0
DA:47,0
DA:51,2
DA:52,0
DA:53,0
DA:54,0
DA:57,2
LF:14
LH:7
BRDA:69,0,0,0
BRDA:69,0,1,2
BRF:2
BRH:1
end_of_record
TN:
SF:src\pages\admin\AulasAdmin.jsx
FN:24,AulasAdmin
FN:43,(anonymous_1)
FN:68,(anonymous_2)
FN:72,(anonymous_3)
FN:75,(anonymous_4)
FN:81,(anonymous_5)
FN:86,(anonymous_6)
FN:97,(anonymous_7)
FN:139,(anonymous_8)
FN:153,(anonymous_9)
FN:173,(anonymous_10)
FN:326,(anonymous_11)
FN:377,(anonymous_12)
FN:411,(anonymous_13)
FN:419,(anonymous_14)
FN:444,(anonymous_15)
FN:444,(anonymous_16)
FN:457,(anonymous_17)
FN:458,(anonymous_18)
FNF:19
FNH:0
FNDA:0,AulasAdmin
FNDA:0,(anonymous_1)
FNDA:0,(anonymous_2)
FNDA:0,(anonymous_3)
FNDA:0,(anonymous_4)
FNDA:0,(anonymous_5)
FNDA:0,(anonymous_6)
FNDA:0,(anonymous_7)
FNDA:0,(anonymous_8)
FNDA:0,(anonymous_9)
FNDA:0,(anonymous_10)
FNDA:0,(anonymous_11)
FNDA:0,(anonymous_12)
FNDA:0,(anonymous_13)
FNDA:0,(anonymous_14)
FNDA:0,(anonymous_15)
FNDA:0,(anonymous_16)
FNDA:0,(anonymous_17)
FNDA:0,(anonymous_18)
DA:9,10
DA:17,10
DA:25,0
DA:26,0
DA:27,0
DA:29,0
DA:30,0
DA:31,0
DA:38,0
DA:39,0
DA:40,0
DA:41,0
DA:43,0
DA:44,0
DA:45,0
DA:46,0
DA:48,0
DA:54,0
DA:55,0
DA:62,0
DA:64,0
DA:68,0
DA:69,0
DA:72,0
DA:73,0
DA:75,0
DA:81,0
DA:82,0
DA:83,0
DA:86,0
DA:87,0
DA:88,0
DA:89,0
DA:90,0
DA:91,0
DA:94,0
DA:97,0
DA:98,0
DA:100,0
DA:102,0
DA:103,0
DA:104,0
DA:105,0
DA:108,0
DA:117,0
DA:118,0
DA:119,0
DA:120,0
DA:122,0
DA:123,0
DA:124,0
DA:126,0
DA:127,0
DA:130,0
DA:131,0
DA:133,0
DA:135,0
DA:139,0
DA:140,0
DA:142,0
DA:150,0
DA:153,0
DA:154,0
DA:158,0
DA:160,0
DA:161,0
DA:162,0
DA:164,0
DA:166,0
DA:167,0
DA:169,0
DA:173,0
DA:174,0
DA:175,0
DA:176,0
DA:179,0
DA:327,0
DA:328,0
DA:378,0
DA:411,0
DA:419,0
DA:444,0
DA:458,0
LF:83
LH:2
BRDA:54,0,0,0
BRDA:54,0,1,0
BRDA:56,1,0,0
BRDA:56,1,1,0
BRDA:57,2,0,0
BRDA:57,2,1,0
BRDA:58,3,0,0
BRDA:58,3,1,0
BRDA:59,4,0,0
BRDA:59,4,1,0
BRDA:87,5,0,0
BRDA:87,5,1,0
BRDA:88,6,0,0
BRDA:88,6,1,0
BRDA:89,7,0,0
BRDA:89,7,1,0
BRDA:90,8,0,0
BRDA:90,8,1,0
BRDA:102,9,0,0
BRDA:102,9,1,0
BRDA:113,10,0,0
BRDA:113,10,1,0
BRDA:114,11,0,0
BRDA:114,11,1,0
BRDA:122,12,0,0
BRDA:122,12,1,0
BRDA:143,13,0,0
BRDA:143,13,1,0
BRDA:144,14,0,0
BRDA:144,14,1,0
BRDA:145,15,0,0
BRDA:145,15,1,0
BRDA:146,16,0,0
BRDA:146,16,1,0
BRDA:158,17,0,0
BRDA:158,17,1,0
BRDA:188,18,0,0
BRDA:188,18,1,0
BRDA:194,19,0,0
BRDA:194,19,1,0
BRDA:206,20,0,0
BRDA:206,20,1,0
BRDA:291,21,0,0
BRDA:291,21,1,0
BRDA:293,22,0,0
BRDA:293,22,1,0
BRDA:298,23,0,0
BRDA:298,23,1,0
BRDA:358,24,0,0
BRDA:358,24,1,0
BRDA:367,25,0,0
BRDA:367,25,1,0
BRDA:384,26,0,0
BRDA:384,26,1,0
BRDA:392,27,0,0
BRDA:392,27,1,0
BRDA:398,28,0,0
BRDA:398,28,1,0
BRDA:403,29,0,0
BRDA:403,29,1,0
BRF:60
BRH:0
end_of_record
TN:
SF:src\pages\admin\CursosAdmin.jsx
FN:29,CursosAdmin
FN:58,(anonymous_1)
FN:84,(anonymous_2)
FN:88,(anonymous_3)
FN:96,(anonymous_4)
FN:112,(anonymous_5)
FN:115,(anonymous_6)
FN:123,(anonymous_7)
FN:135,(anonymous_8)
FN:146,(anonymous_9)
FN:149,(anonymous_10)
FN:152,(anonymous_11)
FN:158,(anonymous_12)
FN:163,(anonymous_13)
FN:169,(anonymous_14)
FN:170,(anonymous_15)
FN:179,(anonymous_16)
FN:191,(anonymous_17)
FN:196,(anonymous_18)
FN:201,(anonymous_19)
FN:204,(anonymous_20)
FN:206,(anonymous_21)
FN:211,(anonymous_22)
FN:212,(anonymous_23)
FN:216,(anonymous_24)
FN:228,(anonymous_25)
FN:244,(anonymous_26)
FN:252,(anonymous_27)
FN:265,(anonymous_28)
FN:300,(anonymous_29)
FN:317,(anonymous_30)
FN:333,(anonymous_31)
FN:353,(anonymous_32)
FN:412,(anonymous_33)
FN:416,(anonymous_34)
FN:529,(anonymous_35)
FN:542,(anonymous_36)
FN:546,(anonymous_37)
FN:580,(anonymous_38)
FN:588,(anonymous_39)
FN:656,(anonymous_40)
FN:720,(anonymous_41)
FN:750,(anonymous_42)
FN:768,(anonymous_43)
FN:776,(anonymous_44)
FN:801,(anonymous_45)
FN:801,(anonymous_46)
FN:814,(anonymous_47)
FN:815,(anonymous_48)
FNF:49
FNH:0
FNDA:0,CursosAdmin
FNDA:0,(anonymous_1)
FNDA:0,(anonymous_2)
FNDA:0,(anonymous_3)
FNDA:0,(anonymous_4)
FNDA:0,(anonymous_5)
FNDA:0,(anonymous_6)
FNDA:0,(anonymous_7)
FNDA:0,(anonymous_8)
FNDA:0,(anonymous_9)
FNDA:0,(anonymous_10)
FNDA:0,(anonymous_11)
FNDA:0,(anonymous_12)
FNDA:0,(anonymous_13)
FNDA:0,(anonymous_14)
FNDA:0,(anonymous_15)
FNDA:0,(anonymous_16)
FNDA:0,(anonymous_17)
FNDA:0,(anonymous_18)
FNDA:0,(anonymous_19)
FNDA:0,(anonymous_20)
FNDA:0,(anonymous_21)
FNDA:0,(anonymous_22)
FNDA:0,(anonymous_23)
FNDA:0,(anonymous_24)
FNDA:0,(anonymous_25)
FNDA:0,(anonymous_26)
FNDA:0,(anonymous_27)
FNDA:0,(anonymous_28)
FNDA:0,(anonymous_29)
FNDA:0,(anonymous_30)
FNDA:0,(anonymous_31)
FNDA:0,(anonymous_32)
FNDA:0,(anonymous_33)
FNDA:0,(anonymous_34)
FNDA:0,(anonymous_35)
FNDA:0,(anonymous_36)
FNDA:0,(anonymous_37)
FNDA:0,(anonymous_38)
FNDA:0,(anonymous_39)
FNDA:0,(anonymous_40)
FNDA:0,(anonymous_41)
FNDA:0,(anonymous_42)
FNDA:0,(anonymous_43)
FNDA:0,(anonymous_44)
FNDA:0,(anonymous_45)
FNDA:0,(anonymous_46)
FNDA:0,(anonymous_47)
FNDA:0,(anonymous_48)
DA:11,10
DA:22,10
DA:30,0
DA:32,0
DA:33,0
DA:35,0
DA:36,0
DA:37,0
DA:39,0
DA:40,0
DA:41,0
DA:42,0
DA:44,0
DA:45,0
DA:46,0
DA:53,0
DA:54,0
DA:55,0
DA:56,0
DA:58,0
DA:59,0
DA:60,0
DA:61,0
DA:63,0
DA:69,0
DA:71,0
DA:78,0
DA:80,0
DA:84,0
DA:85,0
DA:88,0
DA:89,0
DA:91,0
DA:92,0
DA:93,0
DA:96,0
DA:97,0
DA:98,0
DA:99,0
DA:104,0
DA:106,0
DA:108,0
DA:112,0
DA:115,0
DA:116,0
DA:118,0
DA:119,0
DA:120,0
DA:123,0
DA:124,0
DA:125,0
DA:126,0
DA:132,0
DA:134,0
DA:136,0
DA:140,0
DA:142,0
DA:146,0
DA:149,0
DA:150,0
DA:152,0
DA:158,0
DA:159,0
DA:161,0
DA:163,0
DA:169,0
DA:170,0
DA:175,0
DA:176,0
DA:179,0
DA:180,0
DA:182,0
DA:183,0
DA:184,0
DA:187,0
DA:188,0
DA:191,0
DA:196,0
DA:197,0
DA:198,0
DA:201,0
DA:202,0
DA:204,0
DA:207,0
DA:211,0
DA:212,0
DA:216,0
DA:217,0
DA:218,0
DA:220,0
DA:221,0
DA:223,0
DA:224,0
DA:225,0
DA:228,0
DA:229,0
DA:230,0
DA:231,0
DA:232,0
DA:234,0
DA:235,0
DA:238,0
DA:239,0
DA:242,0
DA:244,0
DA:246,0
DA:249,0
DA:252,0
DA:253,0
DA:265,0
DA:266,0
DA:268,0
DA:270,0
DA:271,0
DA:272,0
DA:273,0
DA:276,0
DA:277,0
DA:278,0
DA:279,0
DA:281,0
DA:283,0
DA:284,0
DA:285,0
DA:287,0
DA:288,0
DA:291,0
DA:292,0
DA:294,0
DA:296,0
DA:300,0
DA:301,0
DA:303,0
DA:314,0
DA:316,0
DA:317,0
DA:326,0
DA:327,0
DA:328,0
DA:330,0
DA:333,0
DA:334,0
DA:338,0
DA:340,0
DA:341,0
DA:342,0
DA:344,0
DA:346,0
DA:347,0
DA:349,0
DA:353,0
DA:354,0
DA:355,0
DA:356,0
DA:359,0
DA:413,0
DA:416,0
DA:529,0
DA:543,0
DA:546,0
DA:581,0
DA:588,0
DA:657,0
DA:658,0
DA:721,0
DA:751,0
DA:768,0
DA:776,0
DA:801,0
DA:815,0
LF:170
LH:2
BRDA:69,0,0,0
BRDA:69,0,1,0
BRDA:72,1,0,0
BRDA:72,1,1,0
BRDA:73,2,0,0
BRDA:73,2,1,0
BRDA:74,3,0,0
BRDA:74,3,1,0
BRDA:75,4,0,0
BRDA:75,4,1,0
BRDA:91,5,0,0
BRDA:91,5,1,0
BRDA:104,6,0,0
BRDA:104,6,1,0
BRDA:118,7,0,0
BRDA:118,7,1,0
BRDA:135,8,0,0
BRDA:135,8,1,0
BRDA:182,9,0,0
BRDA:182,9,1,0
BRDA:182,10,0,0
BRDA:182,10,1,0
BRDA:187,11,0,0
BRDA:187,11,1,0
BRDA:229,12,0,0
BRDA:229,12,1,0
BRDA:230,13,0,0
BRDA:230,13,1,0
BRDA:231,14,0,0
BRDA:231,14,1,0
BRDA:232,15,0,0
BRDA:232,15,1,0
BRDA:234,16,0,0
BRDA:234,16,1,0
BRDA:234,17,0,0
BRDA:234,17,1,0
BRDA:238,18,0,0
BRDA:238,18,1,0
BRDA:238,19,0,0
BRDA:238,19,1,0
BRDA:238,19,2,0
BRDA:242,20,0,0
BRDA:242,20,1,0
BRDA:243,21,0,0
BRDA:243,21,1,0
BRDA:258,22,0,0
BRDA:258,22,1,0
BRDA:260,23,0,0
BRDA:260,23,1,0
BRDA:270,24,0,0
BRDA:270,24,1,0
BRDA:283,25,0,0
BRDA:283,25,1,0
BRDA:305,26,0,0
BRDA:305,26,1,0
BRDA:306,27,0,0
BRDA:306,27,1,0
BRDA:307,28,0,0
BRDA:307,28,1,0
BRDA:308,29,0,0
BRDA:308,29,1,0
BRDA:309,30,0,0
BRDA:309,30,1,0
BRDA:311,31,0,0
BRDA:311,31,1,0
BRDA:314,32,0,0
BRDA:314,32,1,0
BRDA:317,33,0,0
BRDA:317,33,1,0
BRDA:338,34,0,0
BRDA:338,34,1,0
BRDA:369,35,0,0
BRDA:369,35,1,0
BRDA:375,36,0,0
BRDA:375,36,1,0
BRDA:387,37,0,0
BRDA:387,37,1,0
BRDA:404,38,0,0
BRDA:404,38,1,0
BRDA:410,39,0,0
BRDA:410,39,1,0
BRDA:430,40,0,0
BRDA:430,40,1,0
BRDA:534,41,0,0
BRDA:534,41,1,0
BRDA:540,42,0,0
BRDA:540,42,1,0
BRDA:553,43,0,0
BRDA:553,43,1,0
BRDA:561,44,0,0
BRDA:561,44,1,0
BRDA:561,44,2,0
BRDA:561,44,3,0
BRDA:574,45,0,0
BRDA:574,45,1,0
BRDA:621,46,0,0
BRDA:621,46,1,0
BRDA:623,47,0,0
BRDA:623,47,1,0
BRDA:628,48,0,0
BRDA:628,48,1,0
BRDA:701,49,0,0
BRDA:701,49,1,0
BRDA:710,50,0,0
BRDA:710,50,1,0
BRDA:735,51,0,0
BRDA:735,51,1,0
BRDA:743,52,0,0
BRDA:743,52,1,0
BRDA:748,53,0,0
BRDA:748,53,1,0
BRF:111
BRH:0
end_of_record
TN:
SF:src\pages\admin\DashboardAdmin.jsx
FN:52,DashboardAdmin
FN:67,(anonymous_1)
FN:154,(anonymous_2)
FNF:3
FNH:3
FNDA:1,DashboardAdmin
FNDA:4,(anonymous_1)
FNDA:2,(anonymous_2)
DA:3,10
DA:38,10
DA:53,1
DA:68,4
DA:155,2
LF:5
LH:5
BRF:0
BRH:0
end_of_record
TN:
SF:src\pages\admin\DocentesAdmin.jsx
FN:19,DocentesAdmin
FN:38,(anonymous_1)
FN:63,(anonymous_2)
FN:67,(anonymous_3)
FN:70,(anonymous_4)
FN:76,(anonymous_5)
FN:81,(anonymous_6)
FN:98,(anonymous_7)
FN:148,(anonymous_8)
FN:164,(anonymous_9)
FN:184,(anonymous_10)
FN:363,(anonymous_11)
FN:415,(anonymous_12)
FN:453,(anonymous_13)
FN:461,(anonymous_14)
FN:486,(anonymous_15)
FN:486,(anonymous_16)
FN:499,(anonymous_17)
FN:500,(anonymous_18)
FNF:19
FNH:0
FNDA:0,DocentesAdmin
FNDA:0,(anonymous_1)
FNDA:0,(anonymous_2)
FNDA:0,(anonymous_3)
FNDA:0,(anonymous_4)
FNDA:0,(anonymous_5)
FNDA:0,(anonymous_6)
FNDA:0,(anonymous_7)
FNDA:0,(anonymous_8)
FNDA:0,(anonymous_9)
FNDA:0,(anonymous_10)
FNDA:0,(anonymous_11)
FNDA:0,(anonymous_12)
FNDA:0,(anonymous_13)
FNDA:0,(anonymous_14)
FNDA:0,(anonymous_15)
FNDA:0,(anonymous_16)
FNDA:0,(anonymous_17)
FNDA:0,(anonymous_18)
DA:9,10
DA:20,0
DA:21,0
DA:22,0
DA:24,0
DA:25,0
DA:26,0
DA:33,0
DA:34,0
DA:35,0
DA:36,0
DA:38,0
DA:39,0
DA:40,0
DA:41,0
DA:43,0
DA:49,0
DA:50,0
DA:57,0
DA:59,0
DA:63,0
DA:64,0
DA:67,0
DA:68,0
DA:70,0
DA:76,0
DA:77,0
DA:78,0
DA:81,0
DA:82,0
DA:83,0
DA:84,0
DA:85,0
DA:86,0
DA:88,0
DA:89,0
DA:91,0
DA:92,0
DA:95,0
DA:98,0
DA:99,0
DA:101,0
DA:103,0
DA:104,0
DA:105,0
DA:106,0
DA:109,0
DA:118,0
DA:119,0
DA:122,0
DA:123,0
DA:126,0
DA:127,0
DA:128,0
DA:129,0
DA:131,0
DA:132,0
DA:133,0
DA:135,0
DA:136,0
DA:139,0
DA:140,0
DA:142,0
DA:144,0
DA:148,0
DA:149,0
DA:151,0
DA:161,0
DA:164,0
DA:165,0
DA:169,0
DA:171,0
DA:172,0
DA:173,0
DA:175,0
DA:177,0
DA:178,0
DA:180,0
DA:184,0
DA:185,0
DA:186,0
DA:187,0
DA:190,0
DA:364,0
DA:365,0
DA:416,0
DA:453,0
DA:461,0
DA:486,0
DA:500,0
LF:90
LH:1
BRDA:49,0,0,0
BRDA:49,0,1,0
BRDA:51,1,0,0
BRDA:51,1,1,0
BRDA:52,2,0,0
BRDA:52,2,1,0
BRDA:53,3,0,0
BRDA:53,3,1,0
BRDA:54,4,0,0
BRDA:54,4,1,0
BRDA:82,5,0,0
BRDA:82,5,1,0
BRDA:83,6,0,0
BRDA:83,6,1,0
BRDA:84,7,0,0
BRDA:84,7,1,0
BRDA:85,8,0,0
BRDA:85,8,1,0
BRDA:85,9,0,0
BRDA:85,9,1,0
BRDA:88,10,0,0
BRDA:88,10,1,0
BRDA:88,11,0,0
BRDA:88,11,1,0
BRDA:91,12,0,0
BRDA:91,12,1,0
BRDA:91,13,0,0
BRDA:91,13,1,0
BRDA:91,13,2,0
BRDA:103,14,0,0
BRDA:103,14,1,0
BRDA:111,15,0,0
BRDA:111,15,1,0
BRDA:114,16,0,0
BRDA:114,16,1,0
BRDA:115,17,0,0
BRDA:115,17,1,0
BRDA:118,18,0,0
BRDA:118,18,1,0
BRDA:119,19,0,0
BRDA:119,19,1,0
BRDA:122,20,0,0
BRDA:122,20,1,0
BRDA:122,21,0,0
BRDA:122,21,1,0
BRDA:131,22,0,0
BRDA:131,22,1,0
BRDA:152,23,0,0
BRDA:152,23,1,0
BRDA:153,24,0,0
BRDA:153,24,1,0
BRDA:154,25,0,0
BRDA:154,25,1,0
BRDA:155,26,0,0
BRDA:155,26,1,0
BRDA:156,27,0,0
BRDA:156,27,1,0
BRDA:169,28,0,0
BRDA:169,28,1,0
BRDA:199,29,0,0
BRDA:199,29,1,0
BRDA:205,30,0,0
BRDA:205,30,1,0
BRDA:217,31,0,0
BRDA:217,31,1,0
BRDA:293,32,0,0
BRDA:293,32,1,0
BRDA:328,33,0,0
BRDA:328,33,1,0
BRDA:330,34,0,0
BRDA:330,34,1,0
BRDA:335,35,0,0
BRDA:335,35,1,0
BRDA:396,36,0,0
BRDA:396,36,1,0
BRDA:405,37,0,0
BRDA:405,37,1,0
BRDA:422,38,0,0
BRDA:422,38,1,0
BRDA:434,39,0,0
BRDA:434,39,1,0
BRDA:440,40,0,0
BRDA:440,40,1,0
BRDA:445,41,0,0
BRDA:445,41,1,0
BRF:85
BRH:0
end_of_record
TN:
SF:src\pages\admin\EstudiantesAdmin.jsx
FN:21,EstudiantesAdmin
FN:41,(anonymous_1)
FN:50,(anonymous_2)
FN:75,(anonymous_3)
FN:79,(anonymous_4)
FN:83,(anonymous_5)
FN:86,(anonymous_6)
FN:92,(anonymous_7)
FN:97,(anonymous_8)
FN:133,(anonymous_9)
FN:184,(anonymous_10)
FN:201,(anonymous_11)
FN:221,(anonymous_12)
FN:325,(anonymous_13)
FN:421,(anonymous_14)
FN:474,(anonymous_15)
FN:516,(anonymous_16)
FN:524,(anonymous_17)
FN:549,(anonymous_18)
FN:549,(anonymous_19)
FN:562,(anonymous_20)
FN:563,(anonymous_21)
FNF:22
FNH:0
FNDA:0,EstudiantesAdmin
FNDA:0,(anonymous_1)
FNDA:0,(anonymous_2)
FNDA:0,(anonymous_3)
FNDA:0,(anonymous_4)
FNDA:0,(anonymous_5)
FNDA:0,(anonymous_6)
FNDA:0,(anonymous_7)
FNDA:0,(anonymous_8)
FNDA:0,(anonymous_9)
FNDA:0,(anonymous_10)
FNDA:0,(anonymous_11)
FNDA:0,(anonymous_12)
FNDA:0,(anonymous_13)
FNDA:0,(anonymous_14)
FNDA:0,(anonymous_15)
FNDA:0,(anonymous_16)
FNDA:0,(anonymous_17)
FNDA:0,(anonymous_18)
FNDA:0,(anonymous_19)
FNDA:0,(anonymous_20)
FNDA:0,(anonymous_21)
DA:10,10
DA:22,0
DA:23,0
DA:24,0
DA:25,0
DA:27,0
DA:28,0
DA:29,0
DA:36,0
DA:37,0
DA:38,0
DA:39,0
DA:41,0
DA:42,0
DA:43,0
DA:44,0
DA:46,0
DA:50,0
DA:51,0
DA:52,0
DA:53,0
DA:55,0
DA:61,0
DA:62,0
DA:69,0
DA:71,0
DA:75,0
DA:76,0
DA:79,0
DA:80,0
DA:83,0
DA:84,0
DA:86,0
DA:92,0
DA:93,0
DA:94,0
DA:97,0
DA:98,0
DA:99,0
DA:102,0
DA:103,0
DA:106,0
DA:107,0
DA:110,0
DA:111,0
DA:114,0
DA:115,0
DA:118,0
DA:119,0
DA:122,0
DA:123,0
DA:126,0
DA:127,0
DA:130,0
DA:133,0
DA:134,0
DA:136,0
DA:138,0
DA:139,0
DA:140,0
DA:141,0
DA:144,0
DA:154,0
DA:155,0
DA:158,0
DA:159,0
DA:162,0
DA:163,0
DA:164,0
DA:165,0
DA:167,0
DA:168,0
DA:169,0
DA:171,0
DA:172,0
DA:175,0
DA:176,0
DA:178,0
DA:180,0
DA:184,0
DA:185,0
DA:187,0
DA:198,0
DA:201,0
DA:202,0
DA:206,0
DA:208,0
DA:209,0
DA:210,0
DA:212,0
DA:214,0
DA:215,0
DA:217,0
DA:221,0
DA:222,0
DA:223,0
DA:224,0
DA:227,0
DA:326,0
DA:422,0
DA:423,0
DA:475,0
DA:516,0
DA:524,0
DA:549,0
DA:563,0
LF:106
LH:1
BRDA:61,0,0,0
BRDA:61,0,1,0
BRDA:63,1,0,0
BRDA:63,1,1,0
BRDA:64,2,0,0
BRDA:64,2,1,0
BRDA:65,3,0,0
BRDA:65,3,1,0
BRDA:66,4,0,0
BRDA:66,4,1,0
BRDA:98,5,0,0
BRDA:98,5,1,0
BRDA:102,6,0,0
BRDA:102,6,1,0
BRDA:106,7,0,0
BRDA:106,7,1,0
BRDA:110,8,0,0
BRDA:110,8,1,0
BRDA:114,9,0,0
BRDA:114,9,1,0
BRDA:114,10,0,0
BRDA:114,10,1,0
BRDA:114,10,2,0
BRDA:118,11,0,0
BRDA:118,11,1,0
BRDA:118,12,0,0
BRDA:118,12,1,0
BRDA:122,13,0,0
BRDA:122,13,1,0
BRDA:122,14,0,0
BRDA:122,14,1,0
BRDA:126,15,0,0
BRDA:126,15,1,0
BRDA:126,16,0,0
BRDA:126,16,1,0
BRDA:126,16,2,0
BRDA:138,17,0,0
BRDA:138,17,1,0
BRDA:147,18,0,0
BRDA:147,18,1,0
BRDA:150,19,0,0
BRDA:150,19,1,0
BRDA:151,20,0,0
BRDA:151,20,1,0
BRDA:154,21,0,0
BRDA:154,21,1,0
BRDA:155,22,0,0
BRDA:155,22,1,0
BRDA:158,23,0,0
BRDA:158,23,1,0
BRDA:158,24,0,0
BRDA:158,24,1,0
BRDA:167,25,0,0
BRDA:167,25,1,0
BRDA:189,26,0,0
BRDA:189,26,1,0
BRDA:190,27,0,0
BRDA:190,27,1,0
BRDA:191,28,0,0
BRDA:191,28,1,0
BRDA:192,29,0,0
BRDA:192,29,1,0
BRDA:193,30,0,0
BRDA:193,30,1,0
BRDA:206,31,0,0
BRDA:206,31,1,0
BRDA:236,32,0,0
BRDA:236,32,1,0
BRDA:242,33,0,0
BRDA:242,33,1,0
BRDA:254,34,0,0
BRDA:254,34,1,0
BRDA:351,35,0,0
BRDA:351,35,1,0
BRDA:386,36,0,0
BRDA:386,36,1,0
BRDA:388,37,0,0
BRDA:388,37,1,0
BRDA:393,38,0,0
BRDA:393,38,1,0
BRDA:455,39,0,0
BRDA:455,39,1,0
BRDA:464,40,0,0
BRDA:464,40,1,0
BRDA:481,41,0,0
BRDA:481,41,1,0
BRDA:497,42,0,0
BRDA:497,42,1,0
BRDA:503,43,0,0
BRDA:503,43,1,0
BRDA:508,44,0,0
BRDA:508,44,1,0
BRF:92
BRH:0
end_of_record
TN:
SF:src\pages\admin\ReportesAdmin.jsx
FN:22,ReportesAdmin
FN:80,(anonymous_1)
FNF:2
FNH:0
FNDA:0,ReportesAdmin
FNDA:0,(anonymous_1)
DA:1,10
DA:23,0
DA:81,0
LF:3
LH:1
BRDA:89,0,0,0
BRDA:89,0,1,0
BRF:2
BRH:0
end_of_record
TN:
SF:src\pages\admin\SeccionesNrcAdmin.jsx
FN:28,SeccionesNrcAdmin
FN:66,(anonymous_1)
FN:75,(anonymous_2)
FN:101,(anonymous_3)
FN:105,(anonymous_4)
FN:109,(anonymous_5)
FN:117,(anonymous_6)
FN:134,(anonymous_7)
FN:137,(anonymous_8)
FN:145,(anonymous_9)
FN:162,(anonymous_10)
FN:165,(anonymous_11)
FN:173,(anonymous_12)
FN:190,(anonymous_13)
FN:193,(anonymous_14)
FN:196,(anonymous_15)
FN:202,(anonymous_16)
FN:203,(anonymous_17)
FN:213,(anonymous_18)
FN:214,(anonymous_19)
FN:224,(anonymous_20)
FN:225,(anonymous_21)
FN:235,(anonymous_22)
FN:236,(anonymous_23)
FN:246,(anonymous_24)
FN:247,(anonymous_25)
FN:257,(anonymous_26)
FN:258,(anonymous_27)
FN:268,(anonymous_28)
FN:285,(anonymous_29)
FN:294,(anonymous_30)
FN:303,(anonymous_31)
FN:338,(anonymous_32)
FN:384,(anonymous_33)
FN:404,(anonymous_34)
FN:464,(anonymous_35)
FN:491,(anonymous_36)
FN:495,(anonymous_37)
FN:526,(anonymous_38)
FN:553,(anonymous_39)
FN:557,(anonymous_40)
FN:587,(anonymous_41)
FN:614,(anonymous_42)
FN:618,(anonymous_43)
FN:692,(anonymous_44)
FN:745,(anonymous_45)
FN:806,(anonymous_46)
FN:815,(anonymous_47)
FN:839,(anonymous_48)
FN:839,(anonymous_49)
FN:852,(anonymous_50)
FN:853,(anonymous_51)
FNF:52
FNH:8
FNDA:3,SeccionesNrcAdmin
FNDA:1,(anonymous_1)
FNDA:1,(anonymous_2)
FNDA:1,(anonymous_3)
FNDA:1,(anonymous_4)
FNDA:1,(anonymous_5)
FNDA:0,(anonymous_6)
FNDA:0,(anonymous_7)
FNDA:1,(anonymous_8)
FNDA:0,(anonymous_9)
FNDA:0,(anonymous_10)
FNDA:1,(anonymous_11)
FNDA:0,(anonymous_12)
FNDA:0,(anonymous_13)
FNDA:0,(anonymous_14)
FNDA:0,(anonymous_15)
FNDA:0,(anonymous_16)
FNDA:0,(anonymous_17)
FNDA:0,(anonymous_18)
FNDA:0,(anonymous_19)
FNDA:0,(anonymous_20)
FNDA:0,(anonymous_21)
FNDA:0,(anonymous_22)
FNDA:0,(anonymous_23)
FNDA:0,(anonymous_24)
FNDA:0,(anonymous_25)
FNDA:0,(anonymous_26)
FNDA:0,(anonymous_27)
FNDA:0,(anonymous_28)
FNDA:0,(anonymous_29)
FNDA:0,(anonymous_30)
FNDA:0,(anonymous_31)
FNDA:0,(anonymous_32)
FNDA:0,(anonymous_33)
FNDA:0,(anonymous_34)
FNDA:0,(anonymous_35)
FNDA:0,(anonymous_36)
FNDA:0,(anonymous_37)
FNDA:0,(anonymous_38)
FNDA:0,(anonymous_39)
FNDA:0,(anonymous_40)
FNDA:0,(anonymous_41)
FNDA:0,(anonymous_42)
FNDA:0,(anonymous_43)
FNDA:0,(anonymous_44)
FNDA:0,(anonymous_45)
FNDA:0,(anonymous_46)
FNDA:0,(anonymous_47)
FNDA:0,(anonymous_48)
FNDA:0,(anonymous_49)
FNDA:0,(anonymous_50)
FNDA:0,(anonymous_51)
DA:13,10
DA:20,10
DA:29,3
DA:31,3
DA:33,3
DA:34,3
DA:36,3
DA:37,3
DA:38,3
DA:39,3
DA:41,3
DA:42,3
DA:43,3
DA:44,3
DA:46,3
DA:47,3
DA:48,3
DA:49,3
DA:51,3
DA:52,3
DA:54,3
DA:61,3
DA:62,3
DA:63,3
DA:64,3
DA:66,3
DA:67,1
DA:68,1
DA:69,1
DA:71,0
DA:75,3
DA:76,1
DA:77,1
DA:78,1
DA:80,1
DA:86,1
DA:88,1
DA:95,0
DA:97,1
DA:101,3
DA:102,1
DA:105,3
DA:106,1
DA:109,3
DA:110,1
DA:112,1
DA:113,1
DA:114,1
DA:117,0
DA:118,0
DA:119,0
DA:121,0
DA:126,0
DA:128,0
DA:130,0
DA:134,0
DA:137,3
DA:138,1
DA:140,1
DA:141,1
DA:142,1
DA:145,0
DA:146,0
DA:147,0
DA:149,0
DA:154,0
DA:156,0
DA:158,0
DA:162,0
DA:165,3
DA:166,1
DA:168,1
DA:169,1
DA:170,1
DA:173,0
DA:174,0
DA:175,0
DA:177,0
DA:182,0
DA:184,0
DA:186,0
DA:190,0
DA:193,3
DA:194,0
DA:196,0
DA:202,3
DA:203,0
DA:208,0
DA:209,0
DA:210,0
DA:213,3
DA:214,0
DA:219,0
DA:220,0
DA:221,0
DA:224,3
DA:225,0
DA:230,0
DA:231,0
DA:232,0
DA:235,3
DA:236,0
DA:241,0
DA:242,0
DA:243,0
DA:246,3
DA:247,0
DA:252,0
DA:253,0
DA:254,0
DA:257,3
DA:258,0
DA:263,0
DA:264,0
DA:265,0
DA:268,3
DA:269,0
DA:270,0
DA:272,0
DA:273,0
DA:274,0
DA:276,0
DA:277,0
DA:278,0
DA:280,0
DA:281,0
DA:282,0
DA:285,3
DA:286,0
DA:287,0
DA:288,0
DA:289,0
DA:291,0
DA:294,3
DA:295,0
DA:303,3
DA:304,0
DA:306,0
DA:308,0
DA:309,0
DA:310,0
DA:311,0
DA:314,0
DA:315,0
DA:316,0
DA:317,0
DA:319,0
DA:321,0
DA:322,0
DA:323,0
DA:325,0
DA:326,0
DA:329,0
DA:330,0
DA:332,0
DA:334,0
DA:338,3
DA:339,0
DA:340,0
DA:341,0
DA:342,0
DA:345,0
DA:347,0
DA:354,0
DA:355,0
DA:359,0
DA:361,0
DA:362,0
DA:366,0
DA:368,0
DA:373,0
DA:379,0
DA:381,0
DA:384,3
DA:385,0
DA:389,0
DA:391,0
DA:392,0
DA:393,0
DA:395,0
DA:397,0
DA:398,0
DA:400,0
DA:404,3
DA:405,0
DA:406,0
DA:407,0
DA:410,3
DA:465,0
DA:466,0
DA:492,0
DA:495,0
DA:527,0
DA:528,0
DA:554,0
DA:557,0
DA:588,0
DA:589,0
DA:615,0
DA:618,0
DA:693,0
DA:694,0
DA:746,0
DA:806,0
DA:815,0
DA:839,0
DA:853,0
LF:207
LH:71
BRDA:69,0,0,1
BRDA:69,0,1,0
BRDA:86,1,0,1
BRDA:86,1,1,0
BRDA:89,2,0,1
BRDA:89,2,1,1
BRDA:90,3,0,1
BRDA:90,3,1,0
BRDA:91,4,0,1
BRDA:91,4,1,0
BRDA:92,5,0,1
BRDA:92,5,1,0
BRDA:112,6,0,1
BRDA:112,6,1,0
BRDA:112,7,0,1
BRDA:112,7,1,0
BRDA:126,8,0,0
BRDA:126,8,1,0
BRDA:140,9,0,1
BRDA:140,9,1,0
BRDA:140,10,0,1
BRDA:140,10,1,0
BRDA:154,11,0,0
BRDA:154,11,1,0
BRDA:168,12,0,1
BRDA:168,12,1,0
BRDA:168,13,0,1
BRDA:168,13,1,0
BRDA:182,14,0,0
BRDA:182,14,1,0
BRDA:286,15,0,0
BRDA:286,15,1,0
BRDA:287,16,0,0
BRDA:287,16,1,0
BRDA:288,17,0,0
BRDA:288,17,1,0
BRDA:289,18,0,0
BRDA:289,18,1,0
BRDA:308,19,0,0
BRDA:308,19,1,0
BRDA:321,20,0,0
BRDA:321,20,1,0
BRDA:339,21,0,0
BRDA:339,21,1,0
BRDA:348,22,0,0
BRDA:348,22,1,0
BRDA:349,23,0,0
BRDA:349,23,1,0
BRDA:350,24,0,0
BRDA:350,24,1,0
BRDA:351,25,0,0
BRDA:351,25,1,0
BRDA:354,26,0,0
BRDA:354,26,1,0
BRDA:361,27,0,0
BRDA:361,27,1,0
BRDA:369,28,0,0
BRDA:369,28,1,0
BRDA:369,29,0,0
BRDA:369,29,1,0
BRDA:370,30,0,0
BRDA:370,30,1,0
BRDA:389,31,0,0
BRDA:389,31,1,0
BRDA:419,32,0,3
BRDA:419,32,1,0
BRDA:425,33,0,3
BRDA:425,33,1,0
BRDA:437,34,0,0
BRDA:437,34,1,3
BRDA:466,35,0,0
BRDA:466,35,1,0
BRDA:472,36,0,3
BRDA:472,36,1,0
BRDA:483,37,0,3
BRDA:483,37,1,0
BRDA:489,38,0,3
BRDA:489,38,1,0
BRDA:502,39,0,0
BRDA:502,39,1,0
BRDA:510,40,0,3
BRDA:510,40,1,0
BRDA:528,41,0,0
BRDA:528,41,1,0
BRDA:534,42,0,3
BRDA:534,42,1,0
BRDA:545,43,0,3
BRDA:545,43,1,0
BRDA:551,44,0,3
BRDA:551,44,1,0
BRDA:564,45,0,0
BRDA:564,45,1,0
BRDA:571,46,0,3
BRDA:571,46,1,0
BRDA:589,47,0,0
BRDA:589,47,1,0
BRDA:595,48,0,3
BRDA:595,48,1,0
BRDA:606,49,0,3
BRDA:606,49,1,0
BRDA:612,50,0,3
BRDA:612,50,1,0
BRDA:626,51,0,0
BRDA:626,51,1,0
BRDA:633,52,0,3
BRDA:633,52,1,0
BRDA:642,53,0,3
BRDA:642,53,1,2
BRDA:657,54,0,0
BRDA:657,54,1,3
BRDA:659,55,0,0
BRDA:659,55,1,3
BRDA:664,56,0,3
BRDA:664,56,1,0
BRDA:726,57,0,1
BRDA:726,57,1,2
BRDA:735,58,0,2
BRDA:735,58,1,0
BRDA:774,59,0,0
BRDA:774,59,1,0
BRDA:779,60,0,0
BRDA:779,60,1,0
BRDA:789,61,0,0
BRDA:789,61,1,0
BRDA:791,62,0,0
BRDA:791,62,1,0
BRDA:793,63,0,0
BRDA:793,63,1,0
BRDA:798,64,0,0
BRDA:798,64,1,0
BRF:130
BRH:36
end_of_record
TN:
SF:src\pages\auth\LoginPage.jsx
FN:9,LoginPage
FN:19,(anonymous_1)
FN:101,(anonymous_2)
FN:122,(anonymous_3)
FNF:4
FNH:4
FNDA:107,LoginPage
FNDA:4,(anonymous_1)
FNDA:56,(anonymous_2)
FNDA:38,(anonymous_3)
DA:11,107
DA:13,107
DA:14,107
DA:16,107
DA:17,107
DA:19,107
DA:21,4
DA:23,4
DA:25,4
DA:26,4
DA:28,4
DA:33,2
DA:38,2
DA:43,2
DA:47,2
DA:51,4
DA:56,107
DA:101,56
DA:122,38
LF:19
LH:19
BRDA:130,0,0,107
BRDA:130,0,1,2
BRDA:143,1,0,4
BRDA:143,1,1,103
BRF:4
BRH:4
end_of_record
TN:
SF:src\pages\auth\RecuperarPasswordPage.jsx
FN:6,RecoverPasswordPage
FNF:1
FNH:1
FNDA:1,RecoverPasswordPage
DA:7,1
LF:1
LH:1
BRF:0
BRH:0
end_of_record
TN:
SF:src\pages\docente\DashboardDocente.jsx
FN:38,DashboardEstudiante
FN:78,(anonymous_1)
FNF:2
FNH:0
FNDA:0,DashboardEstudiante
FNDA:0,(anonymous_1)
DA:3,10
DA:39,0
DA:79,0
LF:3
LH:1
BRF:0
BRH:0
end_of_record
TN:
SF:src\pages\docente\DisponibilidadDocente.jsx
FN:32,DisponibilidadDocente
FN:48,(anonymous_1)
FN:52,(anonymous_2)
FN:54,(anonymous_3)
FN:55,(anonymous_4)
FN:58,(anonymous_5)
FN:59,(anonymous_6)
FN:64,(anonymous_7)
FN:65,(anonymous_8)
FN:72,(anonymous_9)
FN:95,(anonymous_10)
FN:99,(anonymous_11)
FN:102,(anonymous_12)
FN:118,(anonymous_13)
FN:136,(anonymous_14)
FN:146,(anonymous_15)
FN:152,(anonymous_16)
FN:160,(anonymous_17)
FN:192,(anonymous_18)
FN:208,(anonymous_19)
FN:221,(anonymous_20)
FN:228,(anonymous_21)
FN:305,(anonymous_22)
FN:357,(anonymous_23)
FN:362,(anonymous_24)
FN:428,(anonymous_25)
FN:459,(anonymous_26)
FN:469,(anonymous_27)
FN:484,(anonymous_28)
FN:559,(anonymous_29)
FN:610,(anonymous_30)
FN:630,(anonymous_31)
FN:673,(anonymous_32)
FNF:33
FNH:31
FNDA:23,DisponibilidadDocente
FNDA:17,(anonymous_1)
FNDA:11,(anonymous_2)
FNDA:56,(anonymous_3)
FNDA:49,(anonymous_4)
FNDA:11,(anonymous_5)
FNDA:9,(anonymous_6)
FNDA:1442,(anonymous_7)
FNDA:959,(anonymous_8)
FNDA:7,(anonymous_9)
FNDA:4,(anonymous_10)
FNDA:2,(anonymous_11)
FNDA:2,(anonymous_12)
FNDA:3,(anonymous_13)
FNDA:2,(anonymous_14)
FNDA:0,(anonymous_15)
FNDA:2,(anonymous_16)
FNDA:2,(anonymous_17)
FNDA:1,(anonymous_18)
FNDA:1,(anonymous_19)
FNDA:1430,(anonymous_20)
FNDA:720,(anonymous_21)
FNDA:21,(anonymous_22)
FNDA:7,(anonymous_23)
FNDA:7,(anonymous_24)
FNDA:138,(anonymous_25)
FNDA:120,(anonymous_26)
FNDA:720,(anonymous_27)
FNDA:3,(anonymous_28)
FNDA:21,(anonymous_29)
FNDA:0,(anonymous_30)
FNDA:1,(anonymous_31)
FNDA:10,(anonymous_32)
DA:8,10
DA:14,10
DA:23,10
DA:33,23
DA:34,23
DA:35,23
DA:36,23
DA:38,23
DA:40,23
DA:41,23
DA:42,23
DA:43,23
DA:45,23
DA:46,23
DA:48,23
DA:49,17
DA:52,23
DA:53,11
DA:54,56
DA:55,49
DA:58,23
DA:59,11
DA:60,9
DA:64,23
DA:65,1442
DA:67,959
DA:72,23
DA:73,7
DA:74,0
DA:75,0
DA:78,7
DA:79,7
DA:80,7
DA:82,7
DA:84,7
DA:85,7
DA:86,7
DA:87,7
DA:89,0
DA:91,7
DA:95,23
DA:96,4
DA:99,23
DA:100,2
DA:102,2
DA:103,2
DA:106,2
DA:114,2
DA:115,2
DA:118,23
DA:119,3
DA:120,1
DA:121,1
DA:122,1
DA:125,2
DA:128,2
DA:130,3
DA:131,0
DA:132,0
DA:133,0
DA:136,2
DA:142,2
DA:143,2
DA:146,23
DA:147,0
DA:148,0
DA:149,0
DA:152,23
DA:153,2
DA:154,2
DA:155,2
DA:157,2
DA:160,23
DA:161,2
DA:163,2
DA:165,2
DA:166,0
DA:167,0
DA:168,0
DA:171,2
DA:172,2
DA:173,2
DA:174,2
DA:176,2
DA:183,2
DA:184,2
DA:186,0
DA:188,2
DA:192,23
DA:193,1
DA:197,1
DA:199,1
DA:200,1
DA:201,1
DA:203,1
DA:205,1
DA:207,1
DA:208,1
DA:215,1
DA:217,0
DA:221,23
DA:222,1430
DA:228,23
DA:229,720
DA:232,720
DA:235,720
DA:237,720
DA:238,7
DA:241,713
DA:242,0
DA:245,713
DA:246,7
DA:249,706
DA:252,23
DA:306,21
DA:359,7
DA:364,7
DA:429,138
DA:460,120
DA:470,720
DA:473,720
DA:476,720
DA:484,3
DA:560,21
DA:611,0
DA:630,1
DA:674,10
LF:127
LH:111
BRDA:45,0,0,23
BRDA:45,0,1,0
BRDA:46,1,0,23
BRDA:46,1,1,0
BRDA:60,2,0,9
BRDA:60,2,1,5
BRDA:67,3,0,959
BRDA:67,3,1,160
BRDA:73,4,0,0
BRDA:73,4,1,7
BRDA:84,5,0,7
BRDA:84,5,1,0
BRDA:85,6,0,7
BRDA:85,6,1,0
BRDA:86,7,0,7
BRDA:86,7,1,0
BRDA:87,8,0,7
BRDA:87,8,1,0
BRDA:108,9,0,0
BRDA:108,9,1,2
BRDA:109,10,0,0
BRDA:109,10,1,2
BRDA:119,11,0,1
BRDA:119,11,1,2
BRDA:128,12,0,2
BRDA:128,12,1,0
BRDA:130,13,0,0
BRDA:130,13,1,3
BRDA:153,14,0,0
BRDA:153,14,1,2
BRDA:154,15,0,0
BRDA:154,15,1,2
BRDA:155,16,0,0
BRDA:155,16,1,2
BRDA:165,17,0,0
BRDA:165,17,1,2
BRDA:197,18,0,0
BRDA:197,18,1,1
BRDA:207,19,0,1
BRDA:207,19,1,0
BRDA:223,20,0,1430
BRDA:223,20,1,109
BRDA:232,21,0,720
BRDA:232,21,1,10
BRDA:235,22,0,720
BRDA:235,22,1,10
BRDA:237,23,0,7
BRDA:237,23,1,713
BRDA:241,24,0,0
BRDA:241,24,1,713
BRDA:245,25,0,7
BRDA:245,25,1,706
BRDA:264,26,0,23
BRDA:264,26,1,15
BRDA:271,27,0,23
BRDA:271,27,1,1
BRDA:277,28,0,23
BRDA:277,28,1,3
BRDA:313,29,0,23
BRDA:313,29,1,10
BRDA:325,30,0,10
BRDA:325,30,1,0
BRDA:349,31,0,7
BRDA:349,31,1,16
BRDA:356,32,0,7
BRDA:356,32,1,16
BRDA:377,33,0,2
BRDA:377,33,1,21
BRDA:440,34,0,4
BRDA:440,34,1,19
BRDA:449,35,0,4
BRDA:449,35,1,15
BRDA:473,36,0,720
BRDA:473,36,1,10
BRDA:490,37,0,10
BRDA:490,37,1,710
BRDA:502,38,0,4
BRDA:502,38,1,706
BRDA:508,39,0,4
BRDA:508,39,1,0
BRDA:549,40,0,9
BRDA:549,40,1,14
BRDA:570,41,0,21
BRDA:570,41,1,0
BRDA:578,42,0,10
BRDA:578,42,1,11
BRDA:584,43,0,10
BRDA:584,43,1,11
BRDA:584,44,0,21
BRDA:584,44,1,10
BRDA:595,45,0,10
BRDA:595,45,1,11
BRDA:600,46,0,10
BRDA:600,46,1,11
BRDA:613,47,0,0
BRDA:613,47,1,0
BRDA:617,48,0,0
BRDA:617,48,1,0
BRDA:624,49,0,10
BRDA:624,49,1,11
BRDA:627,50,0,21
BRDA:627,50,1,10
BRDA:663,51,0,14
BRDA:663,51,1,9
BRF:104
BRH:79
end_of_record
TN:
SF:src\pages\docente\MiHorarioDocente.jsx
FN:13,(anonymous_0)
FN:23,MiHorarioDocente
FN:36,(anonymous_2)
FN:67,(anonymous_3)
FN:71,(anonymous_4)
FN:72,(anonymous_5)
FN:79,(anonymous_6)
FN:144,(anonymous_7)
FN:168,(anonymous_8)
FN:180,(anonymous_9)
FN:192,(anonymous_10)
FN:201,(anonymous_11)
FNF:12
FNH:0
FNDA:0,(anonymous_0)
FNDA:0,MiHorarioDocente
FNDA:0,(anonymous_2)
FNDA:0,(anonymous_3)
FNDA:0,(anonymous_4)
FNDA:0,(anonymous_5)
FNDA:0,(anonymous_6)
FNDA:0,(anonymous_7)
FNDA:0,(anonymous_8)
FNDA:0,(anonymous_9)
FNDA:0,(anonymous_10)
FNDA:0,(anonymous_11)
DA:4,10
DA:13,10
DA:14,0
DA:20,0
DA:24,0
DA:25,0
DA:26,0
DA:27,0
DA:28,0
DA:30,0
DA:31,0
DA:33,0
DA:34,0
DA:36,0
DA:37,0
DA:38,0
DA:39,0
DA:41,0
DA:42,0
DA:47,0
DA:52,0
DA:53,0
DA:54,0
DA:55,0
DA:57,0
DA:58,0
DA:61,0
DA:63,0
DA:67,0
DA:68,0
DA:71,0
DA:72,0
DA:74,0
DA:79,0
DA:80,0
DA:81,0
DA:82,0
DA:85,0
DA:86,0
DA:97,0
DA:145,0
DA:169,0
DA:181,0
DA:193,0
DA:195,0
DA:202,0
LF:46
LH:2
BRDA:20,0,0,0
BRDA:20,0,1,0
BRDA:33,1,0,0
BRDA:33,1,1,0
BRDA:36,2,0,0
BRDA:41,3,0,0
BRDA:41,3,1,0
BRDA:52,4,0,0
BRDA:52,4,1,0
BRDA:53,5,0,0
BRDA:53,5,1,0
BRDA:54,6,0,0
BRDA:54,6,1,0
BRDA:55,7,0,0
BRDA:55,7,1,0
BRDA:57,8,0,0
BRDA:57,8,1,0
BRDA:61,9,0,0
BRDA:61,9,1,0
BRDA:74,10,0,0
BRDA:74,10,1,0
BRDA:85,11,0,0
BRDA:85,11,1,0
BRDA:106,12,0,0
BRDA:106,12,1,0
BRDA:113,13,0,0
BRDA:113,13,1,0
BRDA:139,14,0,0
BRDA:139,14,1,0
BRDA:139,15,0,0
BRDA:139,15,1,0
BRDA:153,16,0,0
BRDA:153,16,1,0
BRF:33
BRH:0
end_of_record
TN:
SF:src\pages\docente\MisCursosDocente.jsx
FN:4,(anonymous_0)
FN:26,(anonymous_1)
FN:42,MisCursosDocente
FN:63,(anonymous_3)
FN:100,(anonymous_4)
FN:104,(anonymous_5)
FN:115,(anonymous_6)
FN:182,(anonymous_7)
FN:213,(anonymous_8)
FN:275,(anonymous_9)
FN:284,(anonymous_10)
FNF:11
FNH:0
FNDA:0,(anonymous_0)
FNDA:0,(anonymous_1)
FNDA:0,MisCursosDocente
FNDA:0,(anonymous_3)
FNDA:0,(anonymous_4)
FNDA:0,(anonymous_5)
FNDA:0,(anonymous_6)
FNDA:0,(anonymous_7)
FNDA:0,(anonymous_8)
FNDA:0,(anonymous_9)
FNDA:0,(anonymous_10)
DA:4,10
DA:5,0
DA:7,0
DA:8,0
DA:11,0
DA:12,0
DA:15,0
DA:16,0
DA:19,0
DA:20,0
DA:23,0
DA:26,10
DA:27,0
DA:29,0
DA:39,0
DA:43,0
DA:44,0
DA:45,0
DA:46,0
DA:48,0
DA:57,0
DA:58,0
DA:60,0
DA:61,0
DA:63,0
DA:68,0
DA:69,0
DA:70,0
DA:72,0
DA:73,0
DA:78,0
DA:85,0
DA:86,0
DA:87,0
DA:88,0
DA:90,0
DA:91,0
DA:94,0
DA:96,0
DA:100,0
DA:101,0
DA:104,0
DA:105,0
DA:106,0
DA:108,0
DA:115,0
DA:116,0
DA:123,0
DA:124,0
DA:135,0
DA:183,0
DA:215,0
DA:217,0
DA:275,0
DA:284,0
LF:55
LH:2
BRDA:5,0,0,0
BRDA:5,0,1,0
BRDA:7,1,0,0
BRDA:7,1,1,0
BRDA:11,2,0,0
BRDA:11,2,1,0
BRDA:15,3,0,0
BRDA:15,3,1,0
BRDA:19,4,0,0
BRDA:19,4,1,0
BRDA:19,5,0,0
BRDA:19,5,1,0
BRDA:27,6,0,0
BRDA:27,6,1,0
BRDA:39,7,0,0
BRDA:39,7,1,0
BRDA:60,8,0,0
BRDA:60,8,1,0
BRDA:63,9,0,0
BRDA:64,10,0,0
BRDA:65,11,0,0
BRDA:66,12,0,0
BRDA:72,13,0,0
BRDA:72,13,1,0
BRDA:85,14,0,0
BRDA:85,14,1,0
BRDA:86,15,0,0
BRDA:86,15,1,0
BRDA:87,16,0,0
BRDA:87,16,1,0
BRDA:88,17,0,0
BRDA:88,17,1,0
BRDA:90,18,0,0
BRDA:90,18,1,0
BRDA:94,19,0,0
BRDA:94,19,1,0
BRDA:123,20,0,0
BRDA:123,20,1,0
BRDA:144,21,0,0
BRDA:144,21,1,0
BRDA:151,22,0,0
BRDA:151,22,1,0
BRDA:177,23,0,0
BRDA:177,23,1,0
BRDA:177,24,0,0
BRDA:177,24,1,0
BRDA:191,25,0,0
BRDA:191,25,1,0
BRDA:215,26,0,0
BRDA:215,26,1,0
BRDA:231,27,0,0
BRDA:231,27,1,0
BRDA:219,28,0,0
BRDA:219,28,1,0
BRF:54
BRH:0
end_of_record
TN:
SF:src\pages\estudiante\DashboardEstudiante.jsx
FN:38,DashboardEstudiante
FN:77,(anonymous_1)
FNF:2
FNH:0
FNDA:0,DashboardEstudiante
FNDA:0,(anonymous_1)
DA:3,10
DA:39,0
DA:78,0
LF:3
LH:1
BRF:0
BRH:0
end_of_record
TN:
SF:src\pages\estudiante\HistorialAcademico.jsx
FN:4,obtenerUsuarioStorage
FN:12,formatearEstado
FN:21,estadoClassName
FN:37,notaClassName
FN:45,HistorialAcademico
FN:77,(anonymous_5)
FN:127,(anonymous_6)
FN:132,(anonymous_7)
FN:137,(anonymous_8)
FN:255,(anonymous_9)
FN:298,(anonymous_10)
FN:361,(anonymous_11)
FN:361,(anonymous_12)
FN:374,(anonymous_13)
FN:375,(anonymous_14)
FNF:15
FNH:0
FNDA:0,obtenerUsuarioStorage
FNDA:0,formatearEstado
FNDA:0,estadoClassName
FNDA:0,notaClassName
FNDA:0,HistorialAcademico
FNDA:0,(anonymous_5)
FNDA:0,(anonymous_6)
FNDA:0,(anonymous_7)
FNDA:0,(anonymous_8)
FNDA:0,(anonymous_9)
FNDA:0,(anonymous_10)
FNDA:0,(anonymous_11)
FNDA:0,(anonymous_12)
FNDA:0,(anonymous_13)
FNDA:0,(anonymous_14)
DA:5,0
DA:6,0
DA:8,0
DA:13,0
DA:14,0
DA:15,0
DA:16,0
DA:18,0
DA:22,0
DA:23,0
DA:26,0
DA:27,0
DA:30,0
DA:31,0
DA:34,0
DA:38,0
DA:39,0
DA:40,0
DA:42,0
DA:46,0
DA:49,0
DA:51,0
DA:53,0
DA:54,0
DA:55,0
DA:56,0
DA:63,0
DA:64,0
DA:65,0
DA:74,0
DA:75,0
DA:77,0
DA:78,0
DA:79,0
DA:80,0
DA:83,0
DA:86,0
DA:87,0
DA:88,0
DA:90,0
DA:98,0
DA:99,0
DA:100,0
DA:101,0
DA:110,0
DA:121,0
DA:123,0
DA:127,0
DA:128,0
DA:132,0
DA:133,0
DA:134,0
DA:137,0
DA:138,0
DA:141,0
DA:142,0
DA:162,0
DA:163,0
DA:181,0
DA:256,0
DA:299,0
DA:361,0
DA:375,0
DA:376,0
LF:64
LH:0
BRDA:6,0,0,0
BRDA:6,0,1,0
BRDA:13,1,0,0
BRDA:13,1,1,0
BRDA:14,2,0,0
BRDA:14,2,1,0
BRDA:15,3,0,0
BRDA:15,3,1,0
BRDA:16,4,0,0
BRDA:16,4,1,0
BRDA:18,5,0,0
BRDA:18,5,1,0
BRDA:22,6,0,0
BRDA:22,6,1,0
BRDA:26,7,0,0
BRDA:26,7,1,0
BRDA:30,8,0,0
BRDA:30,8,1,0
BRDA:38,9,0,0
BRDA:38,9,1,0
BRDA:39,10,0,0
BRDA:39,10,1,0
BRDA:39,11,0,0
BRDA:39,11,1,0
BRDA:40,12,0,0
BRDA:40,12,1,0
BRDA:49,13,0,0
BRDA:49,13,1,0
BRDA:49,13,2,0
BRDA:51,14,0,0
BRDA:51,14,1,0
BRDA:78,15,0,0
BRDA:78,15,1,0
BRDA:78,16,0,0
BRDA:78,16,1,0
BRDA:98,17,0,0
BRDA:98,17,1,0
BRDA:99,18,0,0
BRDA:99,18,1,0
BRDA:100,19,0,0
BRDA:100,19,1,0
BRDA:102,20,0,0
BRDA:102,20,1,0
BRDA:111,21,0,0
BRDA:111,21,1,0
BRDA:121,22,0,0
BRDA:121,22,1,0
BRDA:141,23,0,0
BRDA:141,23,1,0
BRDA:162,24,0,0
BRDA:162,24,1,0
BRDA:191,25,0,0
BRDA:191,25,1,0
BRDA:194,26,0,0
BRDA:194,26,1,0
BRDA:223,27,0,0
BRDA:223,27,1,0
BRDA:288,28,0,0
BRDA:288,28,1,0
BRDA:313,29,0,0
BRDA:313,29,1,0
BRDA:327,30,0,0
BRDA:327,30,1,0
BRDA:327,31,0,0
BRDA:327,31,1,0
BRF:65
BRH:0
end_of_record
TN:
SF:src\pages\estudiante\MatriculaEstudiante.jsx
FN:31,obtenerUsuarioStorage
FN:39,obtenerDia
FN:40,(anonymous_2)
FN:43,obtenerBloque
FN:44,(anonymous_4)
FN:47,formatearHora
FN:52,formatearTurno
FN:64,obtenerHoraSeccion
FN:75,obtenerTurnoSeccion
FN:82,formatearEstadoMatricula
FN:90,MatriculaEstudiante
FN:113,(anonymous_11)
FN:114,(anonymous_12)
FN:115,(anonymous_13)
FN:128,(anonymous_14)
FN:142,(anonymous_15)
FN:148,(anonymous_16)
FN:181,(anonymous_17)
FN:182,(anonymous_18)
FN:199,(anonymous_19)
FN:204,(anonymous_20)
FN:208,(anonymous_21)
FN:209,(anonymous_22)
FN:214,(anonymous_23)
FN:216,(anonymous_24)
FN:220,(anonymous_25)
FN:223,(anonymous_26)
FN:242,(anonymous_27)
FN:249,(anonymous_28)
FN:254,(anonymous_29)
FN:255,(anonymous_30)
FN:260,(anonymous_31)
FN:264,(anonymous_32)
FN:265,(anonymous_33)
FN:273,(anonymous_34)
FN:281,(anonymous_35)
FN:296,(anonymous_36)
FN:307,(anonymous_37)
FN:308,(anonymous_38)
FN:313,(anonymous_39)
FN:314,(anonymous_40)
FN:323,(anonymous_41)
FN:337,(anonymous_42)
FN:359,(anonymous_43)
FN:369,(anonymous_44)
FN:500,(anonymous_45)
FN:508,(anonymous_46)
FN:558,(anonymous_47)
FN:558,(anonymous_48)
FN:576,(anonymous_49)
FN:576,(anonymous_50)
FN:639,(anonymous_51)
FN:707,(anonymous_52)
FN:725,(anonymous_53)
FN:726,(anonymous_54)
FN:745,(anonymous_55)
FN:746,(anonymous_56)
FN:784,(anonymous_57)
FN:796,(anonymous_58)
FN:805,(anonymous_59)
FN:806,(anonymous_60)
FN:851,(anonymous_61)
FNF:62
FNH:48
FNDA:8,obtenerUsuarioStorage
FNDA:8,obtenerDia
FNDA:16,(anonymous_2)
FNDA:0,obtenerBloque
FNDA:0,(anonymous_4)
FNDA:16,formatearHora
FNDA:5,formatearTurno
FNDA:8,obtenerHoraSeccion
FNDA:5,obtenerTurnoSeccion
FNDA:6,formatearEstadoMatricula
FNDA:8,MatriculaEstudiante
FNDA:3,(anonymous_11)
FNDA:2,(anonymous_12)
FNDA:2,(anonymous_13)
FNDA:3,(anonymous_14)
FNDA:3,(anonymous_15)
FNDA:3,(anonymous_16)
FNDA:3,(anonymous_17)
FNDA:2,(anonymous_18)
FNDA:2,(anonymous_19)
FNDA:3,(anonymous_20)
FNDA:5,(anonymous_21)
FNDA:2,(anonymous_22)
FNDA:6,(anonymous_23)
FNDA:2,(anonymous_24)
FNDA:4,(anonymous_25)
FNDA:2,(anonymous_26)
FNDA:4,(anonymous_27)
FNDA:3,(anonymous_28)
FNDA:17,(anonymous_29)
FNDA:9,(anonymous_30)
FNDA:6,(anonymous_31)
FNDA:11,(anonymous_32)
FNDA:6,(anonymous_33)
FNDA:6,(anonymous_34)
FNDA:6,(anonymous_35)
FNDA:1,(anonymous_36)
FNDA:0,(anonymous_37)
FNDA:0,(anonymous_38)
FNDA:1,(anonymous_39)
FNDA:0,(anonymous_40)
FNDA:1,(anonymous_41)
FNDA:1,(anonymous_42)
FNDA:5,(anonymous_43)
FNDA:5,(anonymous_44)
FNDA:5,(anonymous_45)
FNDA:0,(anonymous_46)
FNDA:0,(anonymous_47)
FNDA:0,(anonymous_48)
FNDA:0,(anonymous_49)
FNDA:0,(anonymous_50)
FNDA:5,(anonymous_51)
FNDA:1,(anonymous_52)
FNDA:0,(anonymous_53)
FNDA:0,(anonymous_54)
FNDA:0,(anonymous_55)
FNDA:0,(anonymous_56)
FNDA:36,(anonymous_57)
FNDA:48,(anonymous_58)
FNDA:288,(anonymous_59)
FNDA:144,(anonymous_60)
FNDA:3,(anonymous_61)
DA:7,10
DA:8,10
DA:9,10
DA:11,10
DA:20,10
DA:32,8
DA:33,8
DA:35,0
DA:40,16
DA:44,0
DA:48,16
DA:49,16
DA:53,5
DA:55,5
DA:57,5
DA:58,0
DA:59,0
DA:61,0
DA:65,8
DA:66,8
DA:71,0
DA:72,0
DA:76,5
DA:78,0
DA:79,0
DA:83,6
DA:84,1
DA:85,1
DA:86,0
DA:87,0
DA:91,8
DA:94,8
DA:96,8
DA:97,8
DA:98,8
DA:99,8
DA:101,8
DA:102,8
DA:104,8
DA:105,8
DA:106,8
DA:108,8
DA:109,8
DA:110,8
DA:111,8
DA:113,8
DA:114,3
DA:115,2
DA:126,3
DA:128,3
DA:129,3
DA:131,3
DA:142,3
DA:148,8
DA:149,3
DA:150,0
DA:151,0
DA:154,0
DA:157,3
DA:158,3
DA:159,3
DA:161,3
DA:167,3
DA:168,3
DA:170,3
DA:171,3
DA:172,3
DA:173,3
DA:174,3
DA:176,3
DA:181,3
DA:182,3
DA:183,2
DA:186,3
DA:188,2
DA:191,3
DA:193,0
DA:195,3
DA:199,8
DA:200,2
DA:204,8
DA:205,3
DA:208,8
DA:209,5
DA:210,2
DA:214,8
DA:215,6
DA:216,2
DA:220,8
DA:221,4
DA:223,2
DA:237,8
DA:242,8
DA:243,4
DA:244,4
DA:246,4
DA:249,8
DA:250,3
DA:254,8
DA:255,17
DA:256,9
DA:260,8
DA:261,6
DA:264,8
DA:265,11
DA:267,6
DA:273,8
DA:274,6
DA:276,6
DA:278,3
DA:281,8
DA:282,6
DA:283,6
DA:284,6
DA:285,6
DA:287,6
DA:288,3
DA:289,3
DA:290,3
DA:291,3
DA:293,3
DA:296,8
DA:297,1
DA:298,1
DA:300,1
DA:302,1
DA:303,0
DA:306,1
DA:307,0
DA:308,0
DA:310,0
DA:313,1
DA:314,1
DA:315,0
DA:317,0
DA:320,1
DA:323,1
DA:337,8
DA:338,1
DA:340,1
DA:341,1
DA:342,1
DA:343,1
DA:345,1
DA:350,1
DA:351,1
DA:353,0
DA:355,1
DA:359,8
DA:360,5
DA:361,2
DA:362,2
DA:363,2
DA:364,2
DA:366,2
DA:369,8
DA:370,5
DA:371,3
DA:374,2
DA:375,0
DA:378,2
DA:379,0
DA:382,2
DA:385,8
DA:386,2
DA:404,6
DA:405,0
DA:421,6
DA:501,5
DA:502,5
DA:504,5
DA:509,0
DA:510,0
DA:558,0
DA:576,0
DA:640,5
DA:641,5
DA:642,5
DA:644,5
DA:707,1
DA:726,0
DA:746,0
DA:747,0
DA:785,36
DA:797,48
DA:806,288
DA:808,144
DA:812,288
DA:852,3
DA:854,3
LF:190
LH:158
BRDA:33,0,0,8
BRDA:33,0,1,0
BRDA:48,1,0,0
BRDA:48,1,1,16
BRDA:53,2,0,0
BRDA:53,2,1,5
BRDA:57,3,0,5
BRDA:57,3,1,0
BRDA:58,4,0,0
BRDA:58,4,1,0
BRDA:59,5,0,0
BRDA:59,5,1,0
BRDA:65,6,0,8
BRDA:65,6,1,0
BRDA:65,7,0,8
BRDA:65,7,1,8
BRDA:72,8,0,0
BRDA:72,8,1,0
BRDA:76,9,0,5
BRDA:76,9,1,0
BRDA:79,10,0,0
BRDA:79,10,1,0
BRDA:83,11,0,5
BRDA:83,11,1,1
BRDA:83,12,0,6
BRDA:83,12,1,6
BRDA:84,13,0,0
BRDA:84,13,1,1
BRDA:85,14,0,1
BRDA:85,14,1,0
BRDA:86,15,0,0
BRDA:86,15,1,0
BRDA:94,16,0,8
BRDA:94,16,1,0
BRDA:94,16,2,0
BRDA:113,17,0,3
BRDA:114,18,0,3
BRDA:114,18,1,0
BRDA:115,19,0,2
BRDA:115,19,1,0
BRDA:121,20,0,2
BRDA:121,20,1,0
BRDA:128,21,0,3
BRDA:128,21,1,0
BRDA:135,22,0,3
BRDA:135,22,1,0
BRDA:138,23,0,3
BRDA:138,23,1,0
BRDA:149,24,0,0
BRDA:149,24,1,3
BRDA:167,25,0,3
BRDA:167,25,1,0
BRDA:168,26,0,3
BRDA:168,26,1,0
BRDA:172,27,0,3
BRDA:172,27,1,0
BRDA:173,28,0,3
BRDA:173,28,1,0
BRDA:174,29,0,3
BRDA:174,29,1,0
BRDA:178,30,0,3
BRDA:178,30,1,0
BRDA:186,31,0,1
BRDA:186,31,1,2
BRDA:188,32,0,1
BRDA:188,32,1,1
BRDA:193,33,0,0
BRDA:193,33,1,0
BRDA:221,34,0,2
BRDA:221,34,1,2
BRDA:223,35,0,2
BRDA:223,35,1,0
BRDA:229,36,0,2
BRDA:229,36,1,0
BRDA:233,37,0,2
BRDA:233,37,1,0
BRDA:250,38,0,3
BRDA:250,38,1,0
BRDA:267,39,0,6
BRDA:267,39,1,0
BRDA:267,39,2,0
BRDA:276,40,0,3
BRDA:276,40,1,3
BRDA:278,41,0,3
BRDA:278,41,1,0
BRDA:287,42,0,3
BRDA:287,42,1,3
BRDA:288,43,0,0
BRDA:288,43,1,3
BRDA:288,44,0,3
BRDA:288,44,1,0
BRDA:289,45,0,0
BRDA:289,45,1,3
BRDA:290,46,0,0
BRDA:290,46,1,3
BRDA:291,47,0,0
BRDA:291,47,1,3
BRDA:302,48,0,0
BRDA:302,48,1,1
BRDA:302,49,0,1
BRDA:302,49,1,1
BRDA:302,49,2,1
BRDA:306,50,0,0
BRDA:306,50,1,1
BRDA:329,51,0,1
BRDA:329,51,1,0
BRDA:332,52,0,1
BRDA:332,52,1,0
BRDA:338,53,0,0
BRDA:338,53,1,1
BRDA:338,54,0,1
BRDA:338,54,1,1
BRDA:350,55,0,1
BRDA:350,55,1,0
BRDA:353,56,0,0
BRDA:353,56,1,0
BRDA:360,57,0,3
BRDA:360,57,1,2
BRDA:361,58,0,0
BRDA:361,58,1,2
BRDA:362,59,0,0
BRDA:362,59,1,2
BRDA:363,60,0,0
BRDA:363,60,1,2
BRDA:364,61,0,0
BRDA:364,61,1,2
BRDA:370,62,0,3
BRDA:370,62,1,2
BRDA:374,63,0,0
BRDA:374,63,1,2
BRDA:374,64,0,2
BRDA:374,64,1,2
BRDA:374,64,2,2
BRDA:378,65,0,0
BRDA:378,65,1,2
BRDA:385,66,0,2
BRDA:385,66,1,6
BRDA:404,67,0,0
BRDA:404,67,1,6
BRDA:404,68,0,6
BRDA:404,68,1,0
BRDA:431,69,0,6
BRDA:431,69,1,1
BRDA:437,70,0,8
BRDA:437,70,1,0
BRDA:464,71,0,8
BRDA:464,71,1,0
BRDA:476,72,0,1
BRDA:476,72,1,5
BRDA:494,73,0,1
BRDA:494,73,1,5
BRDA:514,74,0,5
BRDA:514,74,1,0
BRDA:529,75,0,5
BRDA:529,75,1,3
BRDA:541,76,0,5
BRDA:541,76,1,0
BRDA:544,77,0,5
BRDA:544,77,1,0
BRDA:553,78,0,8
BRDA:553,78,1,6
BRDA:553,78,2,0
BRDA:561,79,0,0
BRDA:561,79,1,0
BRDA:579,80,0,0
BRDA:579,80,1,0
BRDA:602,81,0,5
BRDA:602,81,1,1
BRDA:610,82,0,8
BRDA:610,82,1,5
BRDA:619,83,0,8
BRDA:619,83,1,3
BRDA:622,84,0,4
BRDA:622,84,1,2
BRDA:622,85,0,8
BRDA:622,85,1,3
BRDA:627,86,0,1
BRDA:627,86,1,5
BRDA:632,87,0,1
BRDA:632,87,1,5
BRDA:649,88,0,3
BRDA:649,88,1,2
BRDA:651,89,0,0
BRDA:651,89,1,2
BRDA:653,90,0,0
BRDA:653,90,1,2
BRDA:671,91,0,5
BRDA:671,91,1,0
BRDA:671,92,0,5
BRDA:671,92,1,0
BRDA:682,93,0,5
BRDA:682,93,1,0
BRDA:689,94,0,5
BRDA:689,94,1,0
BRDA:693,95,0,5
BRDA:693,95,1,0
BRDA:693,95,2,0
BRDA:699,96,0,5
BRDA:699,96,1,0
BRDA:720,97,0,5
BRDA:720,97,1,0
BRDA:730,98,0,0
BRDA:730,98,1,0
BRDA:752,99,0,0
BRDA:752,99,1,0
BRDA:808,100,0,144
BRDA:808,100,1,24
BRDA:817,101,0,3
BRDA:817,101,1,285
BRDA:827,102,0,3
BRDA:827,102,1,0
BRDA:844,103,0,8
BRDA:844,103,1,3
BRF:213
BRH:125
end_of_record
TN:
SF:src\pages\estudiante\MiHorarioEstudiante.jsx
FN:13,obtenerUsuarioStorage
FN:21,formatearHora
FN:26,formatearTurno
FN:38,formatearEstadoMatricula
FN:46,MiHorarioEstudiante
FN:69,(anonymous_5)
FN:107,(anonymous_6)
FN:112,(anonymous_7)
FN:115,(anonymous_8)
FN:128,(anonymous_9)
FN:132,(anonymous_10)
FN:260,(anonymous_11)
FN:272,(anonymous_12)
FN:284,(anonymous_13)
FN:294,(anonymous_14)
FN:335,(anonymous_15)
FNF:16
FNH:15
FNDA:6,obtenerUsuarioStorage
FNDA:18,formatearHora
FNDA:8,formatearTurno
FNDA:2,formatearEstadoMatricula
FNDA:6,MiHorarioEstudiante
FNDA:3,(anonymous_5)
FNDA:3,(anonymous_6)
FNDA:5,(anonymous_7)
FNDA:1,(anonymous_8)
FNDA:48,(anonymous_9)
FNDA:0,(anonymous_10)
FNDA:6,(anonymous_11)
FNDA:8,(anonymous_12)
FNDA:48,(anonymous_13)
FNDA:1,(anonymous_14)
FNDA:1,(anonymous_15)
DA:4,10
DA:14,6
DA:15,6
DA:17,0
DA:22,18
DA:23,18
DA:27,8
DA:29,8
DA:31,8
DA:32,5
DA:33,2
DA:35,0
DA:39,2
DA:40,1
DA:41,1
DA:42,0
DA:43,0
DA:47,6
DA:50,6
DA:52,6
DA:54,6
DA:55,6
DA:56,6
DA:57,6
DA:58,6
DA:59,6
DA:60,6
DA:66,6
DA:67,6
DA:69,6
DA:70,3
DA:71,0
DA:72,0
DA:75,0
DA:78,3
DA:79,3
DA:80,3
DA:82,3
DA:87,2
DA:88,3
DA:89,3
DA:90,3
DA:91,3
DA:92,3
DA:93,3
DA:101,1
DA:103,3
DA:107,6
DA:108,3
DA:112,6
DA:113,5
DA:115,5
DA:116,1
DA:118,1
DA:119,1
DA:122,1
DA:125,5
DA:128,6
DA:129,48
DA:132,6
DA:133,0
DA:136,6
DA:137,3
DA:155,3
DA:156,1
DA:172,2
DA:261,6
DA:273,8
DA:285,48
DA:287,48
DA:295,1
DA:336,1
LF:72
LH:64
BRDA:15,0,0,6
BRDA:15,0,1,0
BRDA:22,1,0,0
BRDA:22,1,1,18
BRDA:27,2,0,0
BRDA:27,2,1,8
BRDA:31,3,0,3
BRDA:31,3,1,5
BRDA:32,4,0,3
BRDA:32,4,1,2
BRDA:33,5,0,2
BRDA:33,5,1,0
BRDA:39,6,0,1
BRDA:39,6,1,1
BRDA:40,7,0,0
BRDA:40,7,1,1
BRDA:41,8,0,1
BRDA:41,8,1,0
BRDA:42,9,0,0
BRDA:42,9,1,0
BRDA:50,10,0,6
BRDA:50,10,1,0
BRDA:50,10,2,0
BRDA:52,11,0,6
BRDA:52,11,1,0
BRDA:70,12,0,0
BRDA:70,12,1,3
BRDA:70,13,0,3
BRDA:70,13,1,0
BRDA:87,14,0,2
BRDA:87,14,1,0
BRDA:88,15,0,3
BRDA:88,15,1,0
BRDA:89,16,0,3
BRDA:89,16,1,1
BRDA:90,17,0,3
BRDA:90,17,1,0
BRDA:91,18,0,3
BRDA:91,18,1,0
BRDA:92,19,0,3
BRDA:92,19,1,0
BRDA:94,20,0,3
BRDA:94,20,1,0
BRDA:101,21,0,1
BRDA:101,21,1,0
BRDA:118,22,0,1
BRDA:118,22,1,0
BRDA:129,23,0,48
BRDA:129,23,1,47
BRDA:136,24,0,3
BRDA:136,24,1,3
BRDA:155,25,0,1
BRDA:155,25,1,2
BRDA:180,26,0,2
BRDA:180,26,1,2
BRDA:183,27,0,2
BRDA:183,27,1,0
BRDA:192,28,0,6
BRDA:192,28,1,0
BRDA:195,29,0,6
BRDA:195,29,1,0
BRDA:219,30,0,1
BRDA:219,30,1,1
BRDA:233,31,0,6
BRDA:233,31,1,0
BRDA:246,32,0,1
BRDA:246,32,1,1
BRDA:292,33,0,1
BRDA:292,33,1,47
BRDA:328,34,0,6
BRDA:328,34,1,1
BRF:71
BRH:46
end_of_record
TN:
SF:src\pages\estudiante\MisCursosEstudiante.jsx
FN:4,obtenerUsuarioStorage
FN:12,formatearTurno
FN:24,estadoClassName
FN:36,MisCursosEstudiante
FN:69,(anonymous_4)
FN:119,(anonymous_5)
FN:124,(anonymous_6)
FN:232,(anonymous_7)
FN:266,(anonymous_8)
FN:326,(anonymous_9)
FN:326,(anonymous_10)
FN:339,(anonymous_11)
FN:340,(anonymous_12)
FNF:13
FNH:0
FNDA:0,obtenerUsuarioStorage
FNDA:0,formatearTurno
FNDA:0,estadoClassName
FNDA:0,MisCursosEstudiante
FNDA:0,(anonymous_4)
FNDA:0,(anonymous_5)
FNDA:0,(anonymous_6)
FNDA:0,(anonymous_7)
FNDA:0,(anonymous_8)
FNDA:0,(anonymous_9)
FNDA:0,(anonymous_10)
FNDA:0,(anonymous_11)
FNDA:0,(anonymous_12)
DA:5,0
DA:6,0
DA:8,0
DA:13,0
DA:15,0
DA:17,0
DA:18,0
DA:19,0
DA:21,0
DA:25,0
DA:26,0
DA:29,0
DA:30,0
DA:33,0
DA:37,0
DA:40,0
DA:42,0
DA:44,0
DA:45,0
DA:46,0
DA:47,0
DA:48,0
DA:50,0
DA:55,0
DA:56,0
DA:57,0
DA:66,0
DA:67,0
DA:69,0
DA:70,0
DA:71,0
DA:72,0
DA:75,0
DA:78,0
DA:79,0
DA:80,0
DA:82,0
DA:90,0
DA:91,0
DA:92,0
DA:93,0
DA:94,0
DA:95,0
DA:102,0
DA:113,0
DA:115,0
DA:119,0
DA:120,0
DA:124,0
DA:125,0
DA:126,0
DA:129,0
DA:130,0
DA:148,0
DA:149,0
DA:165,0
DA:233,0
DA:267,0
DA:326,0
DA:340,0
DA:341,0
LF:61
LH:0
BRDA:6,0,0,0
BRDA:6,0,1,0
BRDA:13,1,0,0
BRDA:13,1,1,0
BRDA:17,2,0,0
BRDA:17,2,1,0
BRDA:18,3,0,0
BRDA:18,3,1,0
BRDA:19,4,0,0
BRDA:19,4,1,0
BRDA:25,5,0,0
BRDA:25,5,1,0
BRDA:25,6,0,0
BRDA:25,6,1,0
BRDA:29,7,0,0
BRDA:29,7,1,0
BRDA:40,8,0,0
BRDA:40,8,1,0
BRDA:40,8,2,0
BRDA:42,9,0,0
BRDA:42,9,1,0
BRDA:70,10,0,0
BRDA:70,10,1,0
BRDA:70,11,0,0
BRDA:70,11,1,0
BRDA:90,12,0,0
BRDA:90,12,1,0
BRDA:91,13,0,0
BRDA:91,13,1,0
BRDA:92,14,0,0
BRDA:92,14,1,0
BRDA:93,15,0,0
BRDA:93,15,1,0
BRDA:94,16,0,0
BRDA:94,16,1,0
BRDA:96,17,0,0
BRDA:96,17,1,0
BRDA:103,18,0,0
BRDA:103,18,1,0
BRDA:113,19,0,0
BRDA:113,19,1,0
BRDA:129,20,0,0
BRDA:129,20,1,0
BRDA:148,21,0,0
BRDA:148,21,1,0
BRDA:173,22,0,0
BRDA:173,22,1,0
BRDA:176,23,0,0
BRDA:176,23,1,0
BRDA:205,24,0,0
BRDA:205,24,1,0
BRDA:208,25,0,0
BRDA:208,25,1,0
BRDA:256,26,0,0
BRDA:256,26,1,0
BRDA:275,27,0,0
BRDA:275,27,1,0
BRF:57
BRH:0
end_of_record
TN:
SF:src\routes\AppRoutes.jsx
FN:30,AppRoutes
FNF:1
FNH:1
FNDA:8,AppRoutes
DA:31,8
LF:1
LH:1
BRF:0
BRH:0
end_of_record
